[2022-01-05 15:38:05] local.ERROR: View [app] not found. {"exception":"[object] (InvalidArgumentException(code: 0): View [app] not found. at /mnt/c/xampp/htdocs/desafio-desenvolvedor/vendor/laravel/framework/src/Illuminate/View/FileViewFinder.php:137)
[stacktrace]
#0 /mnt/c/xampp/htdocs/desafio-desenvolvedor/vendor/laravel/framework/src/Illuminate/View/FileViewFinder.php(79): Illuminate\\View\\FileViewFinder->findInPaths()
#1 /mnt/c/xampp/htdocs/desafio-desenvolvedor/vendor/laravel/framework/src/Illuminate/View/Factory.php(138): Illuminate\\View\\FileViewFinder->find()
#2 /mnt/c/xampp/htdocs/desafio-desenvolvedor/vendor/laravel/framework/src/Illuminate/Foundation/helpers.php(932): Illuminate\\View\\Factory->make()
#3 /mnt/c/xampp/htdocs/desafio-desenvolvedor/routes/web.php(17): view()
#4 /mnt/c/xampp/htdocs/desafio-desenvolvedor/vendor/laravel/framework/src/Illuminate/Routing/Route.php(238): Illuminate\\Routing\\RouteFileRegistrar->{closure}()
#5 /mnt/c/xampp/htdocs/desafio-desenvolvedor/vendor/laravel/framework/src/Illuminate/Routing/Route.php(208): Illuminate\\Routing\\Route->runCallable()
#6 /mnt/c/xampp/htdocs/desafio-desenvolvedor/vendor/laravel/framework/src/Illuminate/Routing/Router.php(695): Illuminate\\Routing\\Route->run()
#7 /mnt/c/xampp/htdocs/desafio-desenvolvedor/vendor/laravel/framework/src/Illuminate/Pipeline/Pipeline.php(128): Illuminate\\Routing\\Router->Illuminate\\Routing\\{closure}()
#8 /mnt/c/xampp/htdocs/desafio-desenvolvedor/vendor/laravel/framework/src/Illuminate/Routing/Middleware/SubstituteBindings.php(50): Illuminate\\Pipeline\\Pipeline->Illuminate\\Pipeline\\{closure}()
#9 /mnt/c/xampp/htdocs/desafio-desenvolvedor/vendor/laravel/framework/src/Illuminate/Pipeline/Pipeline.php(167): Illuminate\\Routing\\Middleware\\SubstituteBindings->handle()
#10 /mnt/c/xampp/htdocs/desafio-desenvolvedor/vendor/laravel/framework/src/Illuminate/Foundation/Http/Middleware/VerifyCsrfToken.php(78): Illuminate\\Pipeline\\Pipeline->Illuminate\\Pipeline\\{closure}()
#11 /mnt/c/xampp/htdocs/desafio-desenvolvedor/vendor/laravel/framework/src/Illuminate/Pipeline/Pipeline.php(167): Illuminate\\Foundation\\Http\\Middleware\\VerifyCsrfToken->handle()
#12 /mnt/c/xampp/htdocs/desafio-desenvolvedor/vendor/laravel/framework/src/Illuminate/View/Middleware/ShareErrorsFromSession.php(49): Illuminate\\Pipeline\\Pipeline->Illuminate\\Pipeline\\{closure}()
#13 /mnt/c/xampp/htdocs/desafio-desenvolvedor/vendor/laravel/framework/src/Illuminate/Pipeline/Pipeline.php(167): Illuminate\\View\\Middleware\\ShareErrorsFromSession->handle()
#14 /mnt/c/xampp/htdocs/desafio-desenvolvedor/vendor/laravel/framework/src/Illuminate/Session/Middleware/StartSession.php(121): Illuminate\\Pipeline\\Pipeline->Illuminate\\Pipeline\\{closure}()
#15 /mnt/c/xampp/htdocs/desafio-desenvolvedor/vendor/laravel/framework/src/Illuminate/Session/Middleware/StartSession.php(64): Illuminate\\Session\\Middleware\\StartSession->handleStatefulRequest()
#16 /mnt/c/xampp/htdocs/desafio-desenvolvedor/vendor/laravel/framework/src/Illuminate/Pipeline/Pipeline.php(167): Illuminate\\Session\\Middleware\\StartSession->handle()
#17 /mnt/c/xampp/htdocs/desafio-desenvolvedor/vendor/laravel/framework/src/Illuminate/Cookie/Middleware/AddQueuedCookiesToResponse.php(37): Illuminate\\Pipeline\\Pipeline->Illuminate\\Pipeline\\{closure}()
#18 /mnt/c/xampp/htdocs/desafio-desenvolvedor/vendor/laravel/framework/src/Illuminate/Pipeline/Pipeline.php(167): Illuminate\\Cookie\\Middleware\\AddQueuedCookiesToResponse->handle()
#19 /mnt/c/xampp/htdocs/desafio-desenvolvedor/vendor/laravel/framework/src/Illuminate/Cookie/Middleware/EncryptCookies.php(67): Illuminate\\Pipeline\\Pipeline->Illuminate\\Pipeline\\{closure}()
#20 /mnt/c/xampp/htdocs/desafio-desenvolvedor/vendor/laravel/framework/src/Illuminate/Pipeline/Pipeline.php(167): Illuminate\\Cookie\\Middleware\\EncryptCookies->handle()
#21 /mnt/c/xampp/htdocs/desafio-desenvolvedor/vendor/laravel/framework/src/Illuminate/Pipeline/Pipeline.php(103): Illuminate\\Pipeline\\Pipeline->Illuminate\\Pipeline\\{closure}()
#22 /mnt/c/xampp/htdocs/desafio-desenvolvedor/vendor/laravel/framework/src/Illuminate/Routing/Router.php(697): Illuminate\\Pipeline\\Pipeline->then()
#23 /mnt/c/xampp/htdocs/desafio-desenvolvedor/vendor/laravel/framework/src/Illuminate/Routing/Router.php(672): Illuminate\\Routing\\Router->runRouteWithinStack()
#24 /mnt/c/xampp/htdocs/desafio-desenvolvedor/vendor/laravel/framework/src/Illuminate/Routing/Router.php(636): Illuminate\\Routing\\Router->runRoute()
#25 /mnt/c/xampp/htdocs/desafio-desenvolvedor/vendor/laravel/framework/src/Illuminate/Routing/Router.php(625): Illuminate\\Routing\\Router->dispatchToRoute()
#26 /mnt/c/xampp/htdocs/desafio-desenvolvedor/vendor/laravel/framework/src/Illuminate/Foundation/Http/Kernel.php(167): Illuminate\\Routing\\Router->dispatch()
#27 /mnt/c/xampp/htdocs/desafio-desenvolvedor/vendor/laravel/framework/src/Illuminate/Pipeline/Pipeline.php(128): Illuminate\\Foundation\\Http\\Kernel->Illuminate\\Foundation\\Http\\{closure}()
#28 /mnt/c/xampp/htdocs/desafio-desenvolvedor/vendor/laravel/framework/src/Illuminate/Foundation/Http/Middleware/TransformsRequest.php(21): Illuminate\\Pipeline\\Pipeline->Illuminate\\Pipeline\\{closure}()
#29 /mnt/c/xampp/htdocs/desafio-desenvolvedor/vendor/laravel/framework/src/Illuminate/Foundation/Http/Middleware/ConvertEmptyStringsToNull.php(31): Illuminate\\Foundation\\Http\\Middleware\\TransformsRequest->handle()
#30 /mnt/c/xampp/htdocs/desafio-desenvolvedor/vendor/laravel/framework/src/Illuminate/Pipeline/Pipeline.php(167): Illuminate\\Foundation\\Http\\Middleware\\ConvertEmptyStringsToNull->handle()
#31 /mnt/c/xampp/htdocs/desafio-desenvolvedor/vendor/laravel/framework/src/Illuminate/Foundation/Http/Middleware/TransformsRequest.php(21): Illuminate\\Pipeline\\Pipeline->Illuminate\\Pipeline\\{closure}()
#32 /mnt/c/xampp/htdocs/desafio-desenvolvedor/vendor/laravel/framework/src/Illuminate/Foundation/Http/Middleware/TrimStrings.php(40): Illuminate\\Foundation\\Http\\Middleware\\TransformsRequest->handle()
#33 /mnt/c/xampp/htdocs/desafio-desenvolvedor/vendor/laravel/framework/src/Illuminate/Pipeline/Pipeline.php(167): Illuminate\\Foundation\\Http\\Middleware\\TrimStrings->handle()
#34 /mnt/c/xampp/htdocs/desafio-desenvolvedor/vendor/laravel/framework/src/Illuminate/Foundation/Http/Middleware/ValidatePostSize.php(27): Illuminate\\Pipeline\\Pipeline->Illuminate\\Pipeline\\{closure}()
#35 /mnt/c/xampp/htdocs/desafio-desenvolvedor/vendor/laravel/framework/src/Illuminate/Pipeline/Pipeline.php(167): Illuminate\\Foundation\\Http\\Middleware\\ValidatePostSize->handle()
#36 /mnt/c/xampp/htdocs/desafio-desenvolvedor/vendor/laravel/framework/src/Illuminate/Foundation/Http/Middleware/PreventRequestsDuringMaintenance.php(86): Illuminate\\Pipeline\\Pipeline->Illuminate\\Pipeline\\{closure}()
#37 /mnt/c/xampp/htdocs/desafio-desenvolvedor/vendor/laravel/framework/src/Illuminate/Pipeline/Pipeline.php(167): Illuminate\\Foundation\\Http\\Middleware\\PreventRequestsDuringMaintenance->handle()
#38 /mnt/c/xampp/htdocs/desafio-desenvolvedor/vendor/fruitcake/laravel-cors/src/HandleCors.php(38): Illuminate\\Pipeline\\Pipeline->Illuminate\\Pipeline\\{closure}()
#39 /mnt/c/xampp/htdocs/desafio-desenvolvedor/vendor/laravel/framework/src/Illuminate/Pipeline/Pipeline.php(167): Fruitcake\\Cors\\HandleCors->handle()
#40 /mnt/c/xampp/htdocs/desafio-desenvolvedor/vendor/laravel/framework/src/Illuminate/Http/Middleware/TrustProxies.php(39): Illuminate\\Pipeline\\Pipeline->Illuminate\\Pipeline\\{closure}()
#41 /mnt/c/xampp/htdocs/desafio-desenvolvedor/vendor/laravel/framework/src/Illuminate/Pipeline/Pipeline.php(167): Illuminate\\Http\\Middleware\\TrustProxies->handle()
#42 /mnt/c/xampp/htdocs/desafio-desenvolvedor/vendor/laravel/framework/src/Illuminate/Pipeline/Pipeline.php(103): Illuminate\\Pipeline\\Pipeline->Illuminate\\Pipeline\\{closure}()
#43 /mnt/c/xampp/htdocs/desafio-desenvolvedor/vendor/laravel/framework/src/Illuminate/Foundation/Http/Kernel.php(142): Illuminate\\Pipeline\\Pipeline->then()
#44 /mnt/c/xampp/htdocs/desafio-desenvolvedor/vendor/laravel/framework/src/Illuminate/Foundation/Http/Kernel.php(111): Illuminate\\Foundation\\Http\\Kernel->sendRequestThroughRouter()
#45 /mnt/c/xampp/htdocs/desafio-desenvolvedor/vendor/laravel/framework/src/Illuminate/Foundation/Testing/Concerns/MakesHttpRequests.php(510): Illuminate\\Foundation\\Http\\Kernel->handle()
#46 /mnt/c/xampp/htdocs/desafio-desenvolvedor/vendor/laravel/framework/src/Illuminate/Foundation/Testing/Concerns/MakesHttpRequests.php(294): Illuminate\\Foundation\\Testing\\TestCase->call()
#47 /mnt/c/xampp/htdocs/desafio-desenvolvedor/tests/Feature/ExampleTest.php(17): Illuminate\\Foundation\\Testing\\TestCase->get()
#48 /mnt/c/xampp/htdocs/desafio-desenvolvedor/vendor/phpunit/phpunit/src/Framework/TestCase.php(1545): Tests\\Feature\\ExampleTest->test_example()
#49 /mnt/c/xampp/htdocs/desafio-desenvolvedor/vendor/phpunit/phpunit/src/Framework/TestCase.php(1151): PHPUnit\\Framework\\TestCase->runTest()
#50 /mnt/c/xampp/htdocs/desafio-desenvolvedor/vendor/phpunit/phpunit/src/Framework/TestResult.php(726): PHPUnit\\Framework\\TestCase->runBare()
#51 /mnt/c/xampp/htdocs/desafio-desenvolvedor/vendor/phpunit/phpunit/src/Framework/TestCase.php(903): PHPUnit\\Framework\\TestResult->run()
#52 /mnt/c/xampp/htdocs/desafio-desenvolvedor/vendor/phpunit/phpunit/src/Framework/TestSuite.php(678): PHPUnit\\Framework\\TestCase->run()
#53 /mnt/c/xampp/htdocs/desafio-desenvolvedor/vendor/phpunit/phpunit/src/Framework/TestSuite.php(678): PHPUnit\\Framework\\TestSuite->run()
#54 /mnt/c/xampp/htdocs/desafio-desenvolvedor/vendor/phpunit/phpunit/src/Framework/TestSuite.php(678): PHPUnit\\Framework\\TestSuite->run()
#55 /mnt/c/xampp/htdocs/desafio-desenvolvedor/vendor/phpunit/phpunit/src/TextUI/TestRunner.php(670): PHPUnit\\Framework\\TestSuite->run()
#56 /mnt/c/xampp/htdocs/desafio-desenvolvedor/vendor/phpunit/phpunit/src/TextUI/Command.php(143): PHPUnit\\TextUI\\TestRunner->run()
#57 /mnt/c/xampp/htdocs/desafio-desenvolvedor/vendor/phpunit/phpunit/src/TextUI/Command.php(96): PHPUnit\\TextUI\\Command->run()
#58 /mnt/c/xampp/htdocs/desafio-desenvolvedor/vendor/phpunit/phpunit/phpunit(98): PHPUnit\\TextUI\\Command::main()
#59 {main}
"} 
