CRITICAL - 2020-09-21 06:36:31 --> Undefined property: stdClass::$id_cliebte
#0 C:\xamppNOVO\htdocs\oliveiraTrust\app\Controllers\Pedido.php(76): CodeIgniter\Debug\Exceptions->errorHandler(8, 'Undefined prope...', 'C:\\xamppNOVO\\ht...', 76, Array)
#1 C:\xamppNOVO\htdocs\oliveiraTrust\system\CodeIgniter.php(910): App\Controllers\Pedido->lista_ajax()
#2 C:\xamppNOVO\htdocs\oliveiraTrust\system\CodeIgniter.php(398): CodeIgniter\CodeIgniter->runController(Object(App\Controllers\Pedido))
#3 C:\xamppNOVO\htdocs\oliveiraTrust\system\CodeIgniter.php(306): CodeIgniter\CodeIgniter->handleRequest(NULL, Object(Config\Cache), false)
#4 C:\xamppNOVO\htdocs\oliveiraTrust\index.php(45): CodeIgniter\CodeIgniter->run()
#5 {main}
CRITICAL - 2020-09-21 07:07:15 --> Undefined variable: msg
#0 C:\xamppNOVO\htdocs\oliveiraTrust\app\Views\pedidocadastrar.php(38): CodeIgniter\Debug\Exceptions->errorHandler(8, 'Undefined varia...', 'C:\\xamppNOVO\\ht...', 38, Array)
#1 C:\xamppNOVO\htdocs\oliveiraTrust\system\View\View.php(236): include('C:\\xamppNOVO\\ht...')
#2 C:\xamppNOVO\htdocs\oliveiraTrust\system\Common.php(1071): CodeIgniter\View\View->render('pedidocadastrar', Array, true)
#3 C:\xamppNOVO\htdocs\oliveiraTrust\app\Controllers\Pedido.php(283): view('pedidocadastrar', Array)
#4 C:\xamppNOVO\htdocs\oliveiraTrust\system\CodeIgniter.php(910): App\Controllers\Pedido->cadastrar()
#5 C:\xamppNOVO\htdocs\oliveiraTrust\system\CodeIgniter.php(398): CodeIgniter\CodeIgniter->runController(Object(App\Controllers\Pedido))
#6 C:\xamppNOVO\htdocs\oliveiraTrust\system\CodeIgniter.php(306): CodeIgniter\CodeIgniter->handleRequest(NULL, Object(Config\Cache), false)
#7 C:\xamppNOVO\htdocs\oliveiraTrust\index.php(45): CodeIgniter\CodeIgniter->run()
#8 {main}
CRITICAL - 2020-09-21 07:18:50 --> Undefined variable: cliente
#0 C:\xamppNOVO\htdocs\oliveiraTrust\app\Views\pedidocadastrar.php(63): CodeIgniter\Debug\Exceptions->errorHandler(8, 'Undefined varia...', 'C:\\xamppNOVO\\ht...', 63, Array)
#1 C:\xamppNOVO\htdocs\oliveiraTrust\system\View\View.php(236): include('C:\\xamppNOVO\\ht...')
#2 C:\xamppNOVO\htdocs\oliveiraTrust\system\Common.php(1071): CodeIgniter\View\View->render('pedidocadastrar', Array, true)
#3 C:\xamppNOVO\htdocs\oliveiraTrust\app\Controllers\Pedido.php(283): view('pedidocadastrar', Array)
#4 C:\xamppNOVO\htdocs\oliveiraTrust\system\CodeIgniter.php(910): App\Controllers\Pedido->cadastrar()
#5 C:\xamppNOVO\htdocs\oliveiraTrust\system\CodeIgniter.php(398): CodeIgniter\CodeIgniter->runController(Object(App\Controllers\Pedido))
#6 C:\xamppNOVO\htdocs\oliveiraTrust\system\CodeIgniter.php(306): CodeIgniter\CodeIgniter->handleRequest(NULL, Object(Config\Cache), false)
#7 C:\xamppNOVO\htdocs\oliveiraTrust\index.php(45): CodeIgniter\CodeIgniter->run()
#8 {main}
CRITICAL - 2020-09-21 07:19:13 --> Undefined variable: cliente
#0 C:\xamppNOVO\htdocs\oliveiraTrust\app\Views\pedidocadastrar.php(63): CodeIgniter\Debug\Exceptions->errorHandler(8, 'Undefined varia...', 'C:\\xamppNOVO\\ht...', 63, Array)
#1 C:\xamppNOVO\htdocs\oliveiraTrust\system\View\View.php(236): include('C:\\xamppNOVO\\ht...')
#2 C:\xamppNOVO\htdocs\oliveiraTrust\system\Common.php(1071): CodeIgniter\View\View->render('pedidocadastrar', Array, true)
#3 C:\xamppNOVO\htdocs\oliveiraTrust\app\Controllers\Pedido.php(283): view('pedidocadastrar', Array)
#4 C:\xamppNOVO\htdocs\oliveiraTrust\system\CodeIgniter.php(910): App\Controllers\Pedido->cadastrar()
#5 C:\xamppNOVO\htdocs\oliveiraTrust\system\CodeIgniter.php(398): CodeIgniter\CodeIgniter->runController(Object(App\Controllers\Pedido))
#6 C:\xamppNOVO\htdocs\oliveiraTrust\system\CodeIgniter.php(306): CodeIgniter\CodeIgniter->handleRequest(NULL, Object(Config\Cache), false)
#7 C:\xamppNOVO\htdocs\oliveiraTrust\index.php(45): CodeIgniter\CodeIgniter->run()
#8 {main}
CRITICAL - 2020-09-21 07:26:21 --> Undefined variable: produto
#0 C:\xamppNOVO\htdocs\oliveiraTrust\app\Controllers\Pedido.php(291): CodeIgniter\Debug\Exceptions->errorHandler(8, 'Undefined varia...', 'C:\\xamppNOVO\\ht...', 291, Array)
#1 C:\xamppNOVO\htdocs\oliveiraTrust\system\CodeIgniter.php(910): App\Controllers\Pedido->cadastrar()
#2 C:\xamppNOVO\htdocs\oliveiraTrust\system\CodeIgniter.php(398): CodeIgniter\CodeIgniter->runController(Object(App\Controllers\Pedido))
#3 C:\xamppNOVO\htdocs\oliveiraTrust\system\CodeIgniter.php(306): CodeIgniter\CodeIgniter->handleRequest(NULL, Object(Config\Cache), false)
#4 C:\xamppNOVO\htdocs\oliveiraTrust\index.php(45): CodeIgniter\CodeIgniter->run()
#5 {main}
CRITICAL - 2020-09-21 07:26:26 --> Cannot use [] for reading
#0 C:\xamppNOVO\htdocs\oliveiraTrust\system\CodeIgniter.php(910): App\Controllers\Pedido->cadastrar()
#1 C:\xamppNOVO\htdocs\oliveiraTrust\system\CodeIgniter.php(398): CodeIgniter\CodeIgniter->runController(Object(App\Controllers\Pedido))
#2 C:\xamppNOVO\htdocs\oliveiraTrust\system\CodeIgniter.php(306): CodeIgniter\CodeIgniter->handleRequest(NULL, Object(Config\Cache), false)
#3 C:\xamppNOVO\htdocs\oliveiraTrust\index.php(45): CodeIgniter\CodeIgniter->run()
#4 {main}
CRITICAL - 2020-09-21 07:26:32 --> Cannot use [] for reading
#0 C:\xamppNOVO\htdocs\oliveiraTrust\system\CodeIgniter.php(910): App\Controllers\Pedido->cadastrar()
#1 C:\xamppNOVO\htdocs\oliveiraTrust\system\CodeIgniter.php(398): CodeIgniter\CodeIgniter->runController(Object(App\Controllers\Pedido))
#2 C:\xamppNOVO\htdocs\oliveiraTrust\system\CodeIgniter.php(306): CodeIgniter\CodeIgniter->handleRequest(NULL, Object(Config\Cache), false)
#3 C:\xamppNOVO\htdocs\oliveiraTrust\index.php(45): CodeIgniter\CodeIgniter->run()
#4 {main}
CRITICAL - 2020-09-21 07:28:09 --> Undefined index: selectProduto
#0 C:\xamppNOVO\htdocs\oliveiraTrust\app\Controllers\Pedido.php(294): CodeIgniter\Debug\Exceptions->errorHandler(8, 'Undefined index...', 'C:\\xamppNOVO\\ht...', 294, Array)
#1 C:\xamppNOVO\htdocs\oliveiraTrust\system\CodeIgniter.php(910): App\Controllers\Pedido->cadastrar()
#2 C:\xamppNOVO\htdocs\oliveiraTrust\system\CodeIgniter.php(398): CodeIgniter\CodeIgniter->runController(Object(App\Controllers\Pedido))
#3 C:\xamppNOVO\htdocs\oliveiraTrust\system\CodeIgniter.php(306): CodeIgniter\CodeIgniter->handleRequest(NULL, Object(Config\Cache), false)
#4 C:\xamppNOVO\htdocs\oliveiraTrust\index.php(45): CodeIgniter\CodeIgniter->run()
#5 {main}
CRITICAL - 2020-09-21 07:57:11 --> Undefined variable: produtos
#0 C:\xamppNOVO\htdocs\oliveiraTrust\app\Views\pedidocadastrar.php(64): CodeIgniter\Debug\Exceptions->errorHandler(8, 'Undefined varia...', 'C:\\xamppNOVO\\ht...', 64, Array)
#1 C:\xamppNOVO\htdocs\oliveiraTrust\system\View\View.php(236): include('C:\\xamppNOVO\\ht...')
#2 C:\xamppNOVO\htdocs\oliveiraTrust\system\Common.php(1071): CodeIgniter\View\View->render('pedidocadastrar', Array, true)
#3 C:\xamppNOVO\htdocs\oliveiraTrust\app\Controllers\Pedido.php(298): view('pedidocadastrar', Array)
#4 C:\xamppNOVO\htdocs\oliveiraTrust\system\CodeIgniter.php(910): App\Controllers\Pedido->cadastrar()
#5 C:\xamppNOVO\htdocs\oliveiraTrust\system\CodeIgniter.php(398): CodeIgniter\CodeIgniter->runController(Object(App\Controllers\Pedido))
#6 C:\xamppNOVO\htdocs\oliveiraTrust\system\CodeIgniter.php(306): CodeIgniter\CodeIgniter->handleRequest(NULL, Object(Config\Cache), false)
#7 C:\xamppNOVO\htdocs\oliveiraTrust\index.php(45): CodeIgniter\CodeIgniter->run()
#8 {main}
CRITICAL - 2020-09-21 08:07:25 --> Column 'id_cliente' cannot be null
#0 C:\xamppNOVO\htdocs\oliveiraTrust\system\Database\MySQLi\Connection.php(330): mysqli->query('INSERT INTO `tb...')
#1 C:\xamppNOVO\htdocs\oliveiraTrust\system\Database\BaseConnection.php(738): CodeIgniter\Database\MySQLi\Connection->execute('INSERT INTO `tb...')
#2 C:\xamppNOVO\htdocs\oliveiraTrust\system\Database\BaseConnection.php(666): CodeIgniter\Database\BaseConnection->simpleQuery('INSERT INTO `tb...')
#3 C:\xamppNOVO\htdocs\oliveiraTrust\system\Database\BaseBuilder.php(2206): CodeIgniter\Database\BaseConnection->query('INSERT INTO `tb...', Array, false)
#4 C:\xamppNOVO\htdocs\oliveiraTrust\system\Model.php(722): CodeIgniter\Database\BaseBuilder->insert()
#5 C:\xamppNOVO\htdocs\oliveiraTrust\system\Model.php(550): CodeIgniter\Model->insert(Array, false)
#6 C:\xamppNOVO\htdocs\oliveiraTrust\app\Controllers\Pedido.php(305): CodeIgniter\Model->save(Array)
#7 C:\xamppNOVO\htdocs\oliveiraTrust\system\CodeIgniter.php(910): App\Controllers\Pedido->cadastrar()
#8 C:\xamppNOVO\htdocs\oliveiraTrust\system\CodeIgniter.php(398): CodeIgniter\CodeIgniter->runController(Object(App\Controllers\Pedido))
#9 C:\xamppNOVO\htdocs\oliveiraTrust\system\CodeIgniter.php(306): CodeIgniter\CodeIgniter->handleRequest(NULL, Object(Config\Cache), false)
#10 C:\xamppNOVO\htdocs\oliveiraTrust\index.php(45): CodeIgniter\CodeIgniter->run()
#11 {main}
CRITICAL - 2020-09-21 08:29:48 --> Cannot use object of type stdClass as array
#0 C:\xamppNOVO\htdocs\oliveiraTrust\system\View\View.php(236): include()
#1 C:\xamppNOVO\htdocs\oliveiraTrust\system\Common.php(1071): CodeIgniter\View\View->render('dashboard', Array, true)
#2 C:\xamppNOVO\htdocs\oliveiraTrust\app\Controllers\Dashboard.php(32): view('dashboard', Array)
#3 C:\xamppNOVO\htdocs\oliveiraTrust\system\CodeIgniter.php(910): App\Controllers\Dashboard->index()
#4 C:\xamppNOVO\htdocs\oliveiraTrust\system\CodeIgniter.php(398): CodeIgniter\CodeIgniter->runController(Object(App\Controllers\Dashboard))
#5 C:\xamppNOVO\htdocs\oliveiraTrust\system\CodeIgniter.php(306): CodeIgniter\CodeIgniter->handleRequest(NULL, Object(Config\Cache), false)
#6 C:\xamppNOVO\htdocs\oliveiraTrust\index.php(45): CodeIgniter\CodeIgniter->run()
#7 {main}
CRITICAL - 2020-09-21 08:30:16 --> Illegal string offset 'nm_pedido_produto_status'
#0 C:\xamppNOVO\htdocs\oliveiraTrust\app\Views\dashboard.php(58): CodeIgniter\Debug\Exceptions->errorHandler(2, 'Illegal string ...', 'C:\\xamppNOVO\\ht...', 58, Array)
#1 C:\xamppNOVO\htdocs\oliveiraTrust\system\View\View.php(236): include('C:\\xamppNOVO\\ht...')
#2 C:\xamppNOVO\htdocs\oliveiraTrust\system\Common.php(1071): CodeIgniter\View\View->render('dashboard', Array, true)
#3 C:\xamppNOVO\htdocs\oliveiraTrust\app\Controllers\Dashboard.php(32): view('dashboard', Array)
#4 C:\xamppNOVO\htdocs\oliveiraTrust\system\CodeIgniter.php(910): App\Controllers\Dashboard->index()
#5 C:\xamppNOVO\htdocs\oliveiraTrust\system\CodeIgniter.php(398): CodeIgniter\CodeIgniter->runController(Object(App\Controllers\Dashboard))
#6 C:\xamppNOVO\htdocs\oliveiraTrust\system\CodeIgniter.php(306): CodeIgniter\CodeIgniter->handleRequest(NULL, Object(Config\Cache), false)
#7 C:\xamppNOVO\htdocs\oliveiraTrust\index.php(45): CodeIgniter\CodeIgniter->run()
#8 {main}
CRITICAL - 2020-09-21 08:39:34 --> Undefined variable: estatisticas
#0 C:\xamppNOVO\htdocs\oliveiraTrust\app\Views\dashboard.php(55): CodeIgniter\Debug\Exceptions->errorHandler(8, 'Undefined varia...', 'C:\\xamppNOVO\\ht...', 55, Array)
#1 C:\xamppNOVO\htdocs\oliveiraTrust\system\View\View.php(236): include('C:\\xamppNOVO\\ht...')
#2 C:\xamppNOVO\htdocs\oliveiraTrust\system\Common.php(1071): CodeIgniter\View\View->render('dashboard', Array, true)
#3 C:\xamppNOVO\htdocs\oliveiraTrust\app\Controllers\Dashboard.php(39): view('dashboard', Array)
#4 C:\xamppNOVO\htdocs\oliveiraTrust\system\CodeIgniter.php(910): App\Controllers\Dashboard->index()
#5 C:\xamppNOVO\htdocs\oliveiraTrust\system\CodeIgniter.php(398): CodeIgniter\CodeIgniter->runController(Object(App\Controllers\Dashboard))
#6 C:\xamppNOVO\htdocs\oliveiraTrust\system\CodeIgniter.php(306): CodeIgniter\CodeIgniter->handleRequest(NULL, Object(Config\Cache), false)
#7 C:\xamppNOVO\htdocs\oliveiraTrust\index.php(45): CodeIgniter\CodeIgniter->run()
#8 {main}
CRITICAL - 2020-09-21 08:40:17 --> Invalid argument supplied for foreach()
#0 C:\xamppNOVO\htdocs\oliveiraTrust\app\Views\dashboard.php(55): CodeIgniter\Debug\Exceptions->errorHandler(2, 'Invalid argumen...', 'C:\\xamppNOVO\\ht...', 55, Array)
#1 C:\xamppNOVO\htdocs\oliveiraTrust\system\View\View.php(236): include('C:\\xamppNOVO\\ht...')
#2 C:\xamppNOVO\htdocs\oliveiraTrust\system\Common.php(1071): CodeIgniter\View\View->render('dashboard', Array, true)
#3 C:\xamppNOVO\htdocs\oliveiraTrust\app\Controllers\Dashboard.php(42): view('dashboard', Array)
#4 C:\xamppNOVO\htdocs\oliveiraTrust\system\CodeIgniter.php(910): App\Controllers\Dashboard->index()
#5 C:\xamppNOVO\htdocs\oliveiraTrust\system\CodeIgniter.php(398): CodeIgniter\CodeIgniter->runController(Object(App\Controllers\Dashboard))
#6 C:\xamppNOVO\htdocs\oliveiraTrust\system\CodeIgniter.php(306): CodeIgniter\CodeIgniter->handleRequest(NULL, Object(Config\Cache), false)
#7 C:\xamppNOVO\htdocs\oliveiraTrust\index.php(45): CodeIgniter\CodeIgniter->run()
#8 {main}
CRITICAL - 2020-09-21 08:41:52 --> syntax error, unexpected end of file
#0 C:\xamppNOVO\htdocs\oliveiraTrust\system\Common.php(1071): CodeIgniter\View\View->render('dashboard', Array, true)
#1 C:\xamppNOVO\htdocs\oliveiraTrust\app\Controllers\Dashboard.php(42): view('dashboard', Array)
#2 C:\xamppNOVO\htdocs\oliveiraTrust\system\CodeIgniter.php(910): App\Controllers\Dashboard->index()
#3 C:\xamppNOVO\htdocs\oliveiraTrust\system\CodeIgniter.php(398): CodeIgniter\CodeIgniter->runController(Object(App\Controllers\Dashboard))
#4 C:\xamppNOVO\htdocs\oliveiraTrust\system\CodeIgniter.php(306): CodeIgniter\CodeIgniter->handleRequest(NULL, Object(Config\Cache), false)
#5 C:\xamppNOVO\htdocs\oliveiraTrust\index.php(45): CodeIgniter\CodeIgniter->run()
#6 {main}
CRITICAL - 2020-09-21 08:41:53 --> syntax error, unexpected end of file
#0 C:\xamppNOVO\htdocs\oliveiraTrust\system\Common.php(1071): CodeIgniter\View\View->render('dashboard', Array, true)
#1 C:\xamppNOVO\htdocs\oliveiraTrust\app\Controllers\Dashboard.php(42): view('dashboard', Array)
#2 C:\xamppNOVO\htdocs\oliveiraTrust\system\CodeIgniter.php(910): App\Controllers\Dashboard->index()
#3 C:\xamppNOVO\htdocs\oliveiraTrust\system\CodeIgniter.php(398): CodeIgniter\CodeIgniter->runController(Object(App\Controllers\Dashboard))
#4 C:\xamppNOVO\htdocs\oliveiraTrust\system\CodeIgniter.php(306): CodeIgniter\CodeIgniter->handleRequest(NULL, Object(Config\Cache), false)
#5 C:\xamppNOVO\htdocs\oliveiraTrust\index.php(45): CodeIgniter\CodeIgniter->run()
#6 {main}
CRITICAL - 2020-09-21 09:10:53 --> syntax error, unexpected '_' (T_STRING)
#0 C:\xamppNOVO\htdocs\oliveiraTrust\system\View\View.php(503): CodeIgniter\View\View->render('_topSidebar.php', NULL, true)
#1 C:\xamppNOVO\htdocs\oliveiraTrust\app\Views\regrasgerais.php(4): CodeIgniter\View\View->include('_topSidebar.php')
#2 C:\xamppNOVO\htdocs\oliveiraTrust\system\View\View.php(236): include('C:\\xamppNOVO\\ht...')
#3 C:\xamppNOVO\htdocs\oliveiraTrust\system\Common.php(1071): CodeIgniter\View\View->render('regrasgerais', Array, true)
#4 C:\xamppNOVO\htdocs\oliveiraTrust\app\Controllers\Cliente.php(518): view('regrasgerais', Array)
#5 C:\xamppNOVO\htdocs\oliveiraTrust\system\CodeIgniter.php(910): App\Controllers\Cliente->regras()
#6 C:\xamppNOVO\htdocs\oliveiraTrust\system\CodeIgniter.php(398): CodeIgniter\CodeIgniter->runController(Object(App\Controllers\Cliente))
#7 C:\xamppNOVO\htdocs\oliveiraTrust\system\CodeIgniter.php(306): CodeIgniter\CodeIgniter->handleRequest(NULL, Object(Config\Cache), false)
#8 C:\xamppNOVO\htdocs\oliveiraTrust\index.php(45): CodeIgniter\CodeIgniter->run()
#9 {main}
CRITICAL - 2020-09-21 09:11:01 --> syntax error, unexpected '{'
#0 C:\xamppNOVO\htdocs\oliveiraTrust\system\View\View.php(503): CodeIgniter\View\View->render('_topSidebar.php', NULL, true)
#1 C:\xamppNOVO\htdocs\oliveiraTrust\app\Views\regrasgerais.php(4): CodeIgniter\View\View->include('_topSidebar.php')
#2 C:\xamppNOVO\htdocs\oliveiraTrust\system\View\View.php(236): include('C:\\xamppNOVO\\ht...')
#3 C:\xamppNOVO\htdocs\oliveiraTrust\system\Common.php(1071): CodeIgniter\View\View->render('regrasgerais', Array, true)
#4 C:\xamppNOVO\htdocs\oliveiraTrust\app\Controllers\Cliente.php(518): view('regrasgerais', Array)
#5 C:\xamppNOVO\htdocs\oliveiraTrust\system\CodeIgniter.php(910): App\Controllers\Cliente->regras()
#6 C:\xamppNOVO\htdocs\oliveiraTrust\system\CodeIgniter.php(398): CodeIgniter\CodeIgniter->runController(Object(App\Controllers\Cliente))
#7 C:\xamppNOVO\htdocs\oliveiraTrust\system\CodeIgniter.php(306): CodeIgniter\CodeIgniter->handleRequest(NULL, Object(Config\Cache), false)
#8 C:\xamppNOVO\htdocs\oliveiraTrust\index.php(45): CodeIgniter\CodeIgniter->run()
#9 {main}
