CRITICAL - 2020-09-05 08:59:36 --> Undefined variable: data
#0 C:\xamppNOVO\htdocs\planilhasRaulCodeIgniter\app\Controllers\DiagramaDoCerrado.php(56): CodeIgniter\Debug\Exceptions->errorHandler(8, 'Undefined varia...', 'C:\\xamppNOVO\\ht...', 56, Array)
#1 C:\xamppNOVO\htdocs\planilhasRaulCodeIgniter\system\CodeIgniter.php(910): App\Controllers\DiagramaDoCerrado->enviaResposta()
#2 C:\xamppNOVO\htdocs\planilhasRaulCodeIgniter\system\CodeIgniter.php(398): CodeIgniter\CodeIgniter->runController(Object(App\Controllers\DiagramaDoCerrado))
#3 C:\xamppNOVO\htdocs\planilhasRaulCodeIgniter\system\CodeIgniter.php(306): CodeIgniter\CodeIgniter->handleRequest(NULL, Object(Config\Cache), false)
#4 C:\xamppNOVO\htdocs\planilhasRaulCodeIgniter\index.php(45): CodeIgniter\CodeIgniter->run()
#5 {main}
CRITICAL - 2020-09-05 08:59:38 --> Undefined variable: data
#0 C:\xamppNOVO\htdocs\planilhasRaulCodeIgniter\app\Controllers\DiagramaDoCerrado.php(56): CodeIgniter\Debug\Exceptions->errorHandler(8, 'Undefined varia...', 'C:\\xamppNOVO\\ht...', 56, Array)
#1 C:\xamppNOVO\htdocs\planilhasRaulCodeIgniter\system\CodeIgniter.php(910): App\Controllers\DiagramaDoCerrado->enviaResposta()
#2 C:\xamppNOVO\htdocs\planilhasRaulCodeIgniter\system\CodeIgniter.php(398): CodeIgniter\CodeIgniter->runController(Object(App\Controllers\DiagramaDoCerrado))
#3 C:\xamppNOVO\htdocs\planilhasRaulCodeIgniter\system\CodeIgniter.php(306): CodeIgniter\CodeIgniter->handleRequest(NULL, Object(Config\Cache), false)
#4 C:\xamppNOVO\htdocs\planilhasRaulCodeIgniter\index.php(45): CodeIgniter\CodeIgniter->run()
#5 {main}
CRITICAL - 2020-09-05 08:59:38 --> Undefined variable: data
#0 C:\xamppNOVO\htdocs\planilhasRaulCodeIgniter\app\Controllers\DiagramaDoCerrado.php(56): CodeIgniter\Debug\Exceptions->errorHandler(8, 'Undefined varia...', 'C:\\xamppNOVO\\ht...', 56, Array)
#1 C:\xamppNOVO\htdocs\planilhasRaulCodeIgniter\system\CodeIgniter.php(910): App\Controllers\DiagramaDoCerrado->enviaResposta()
#2 C:\xamppNOVO\htdocs\planilhasRaulCodeIgniter\system\CodeIgniter.php(398): CodeIgniter\CodeIgniter->runController(Object(App\Controllers\DiagramaDoCerrado))
#3 C:\xamppNOVO\htdocs\planilhasRaulCodeIgniter\system\CodeIgniter.php(306): CodeIgniter\CodeIgniter->handleRequest(NULL, Object(Config\Cache), false)
#4 C:\xamppNOVO\htdocs\planilhasRaulCodeIgniter\index.php(45): CodeIgniter\CodeIgniter->run()
#5 {main}
CRITICAL - 2020-09-05 08:59:39 --> Undefined variable: data
#0 C:\xamppNOVO\htdocs\planilhasRaulCodeIgniter\app\Controllers\DiagramaDoCerrado.php(56): CodeIgniter\Debug\Exceptions->errorHandler(8, 'Undefined varia...', 'C:\\xamppNOVO\\ht...', 56, Array)
#1 C:\xamppNOVO\htdocs\planilhasRaulCodeIgniter\system\CodeIgniter.php(910): App\Controllers\DiagramaDoCerrado->enviaResposta()
#2 C:\xamppNOVO\htdocs\planilhasRaulCodeIgniter\system\CodeIgniter.php(398): CodeIgniter\CodeIgniter->runController(Object(App\Controllers\DiagramaDoCerrado))
#3 C:\xamppNOVO\htdocs\planilhasRaulCodeIgniter\system\CodeIgniter.php(306): CodeIgniter\CodeIgniter->handleRequest(NULL, Object(Config\Cache), false)
#4 C:\xamppNOVO\htdocs\planilhasRaulCodeIgniter\index.php(45): CodeIgniter\CodeIgniter->run()
#5 {main}
CRITICAL - 2020-09-05 08:59:39 --> Undefined variable: data
#0 C:\xamppNOVO\htdocs\planilhasRaulCodeIgniter\app\Controllers\DiagramaDoCerrado.php(56): CodeIgniter\Debug\Exceptions->errorHandler(8, 'Undefined varia...', 'C:\\xamppNOVO\\ht...', 56, Array)
#1 C:\xamppNOVO\htdocs\planilhasRaulCodeIgniter\system\CodeIgniter.php(910): App\Controllers\DiagramaDoCerrado->enviaResposta()
#2 C:\xamppNOVO\htdocs\planilhasRaulCodeIgniter\system\CodeIgniter.php(398): CodeIgniter\CodeIgniter->runController(Object(App\Controllers\DiagramaDoCerrado))
#3 C:\xamppNOVO\htdocs\planilhasRaulCodeIgniter\system\CodeIgniter.php(306): CodeIgniter\CodeIgniter->handleRequest(NULL, Object(Config\Cache), false)
#4 C:\xamppNOVO\htdocs\planilhasRaulCodeIgniter\index.php(45): CodeIgniter\CodeIgniter->run()
#5 {main}
CRITICAL - 2020-09-05 08:59:40 --> Undefined variable: data
#0 C:\xamppNOVO\htdocs\planilhasRaulCodeIgniter\app\Controllers\DiagramaDoCerrado.php(56): CodeIgniter\Debug\Exceptions->errorHandler(8, 'Undefined varia...', 'C:\\xamppNOVO\\ht...', 56, Array)
#1 C:\xamppNOVO\htdocs\planilhasRaulCodeIgniter\system\CodeIgniter.php(910): App\Controllers\DiagramaDoCerrado->enviaResposta()
#2 C:\xamppNOVO\htdocs\planilhasRaulCodeIgniter\system\CodeIgniter.php(398): CodeIgniter\CodeIgniter->runController(Object(App\Controllers\DiagramaDoCerrado))
#3 C:\xamppNOVO\htdocs\planilhasRaulCodeIgniter\system\CodeIgniter.php(306): CodeIgniter\CodeIgniter->handleRequest(NULL, Object(Config\Cache), false)
#4 C:\xamppNOVO\htdocs\planilhasRaulCodeIgniter\index.php(45): CodeIgniter\CodeIgniter->run()
#5 {main}
CRITICAL - 2020-09-05 09:11:09 --> Undefined index: id_usuario
#0 C:\xamppNOVO\htdocs\planilhasRaulCodeIgniter\app\Models\DiagramaDoCerradoModel.php(24): CodeIgniter\Debug\Exceptions->errorHandler(8, 'Undefined index...', 'C:\\xamppNOVO\\ht...', 24, Array)
#1 C:\xamppNOVO\htdocs\planilhasRaulCodeIgniter\app\Controllers\DiagramaDoCerrado.php(56): App\Models\DiagramaDoCerradoModel->gravaResposta(Array)
#2 C:\xamppNOVO\htdocs\planilhasRaulCodeIgniter\system\CodeIgniter.php(910): App\Controllers\DiagramaDoCerrado->enviaResposta()
#3 C:\xamppNOVO\htdocs\planilhasRaulCodeIgniter\system\CodeIgniter.php(398): CodeIgniter\CodeIgniter->runController(Object(App\Controllers\DiagramaDoCerrado))
#4 C:\xamppNOVO\htdocs\planilhasRaulCodeIgniter\system\CodeIgniter.php(306): CodeIgniter\CodeIgniter->handleRequest(NULL, Object(Config\Cache), false)
#5 C:\xamppNOVO\htdocs\planilhasRaulCodeIgniter\index.php(45): CodeIgniter\CodeIgniter->run()
#6 {main}
CRITICAL - 2020-09-05 09:11:11 --> Undefined index: id_usuario
#0 C:\xamppNOVO\htdocs\planilhasRaulCodeIgniter\app\Models\DiagramaDoCerradoModel.php(24): CodeIgniter\Debug\Exceptions->errorHandler(8, 'Undefined index...', 'C:\\xamppNOVO\\ht...', 24, Array)
#1 C:\xamppNOVO\htdocs\planilhasRaulCodeIgniter\app\Controllers\DiagramaDoCerrado.php(56): App\Models\DiagramaDoCerradoModel->gravaResposta(Array)
#2 C:\xamppNOVO\htdocs\planilhasRaulCodeIgniter\system\CodeIgniter.php(910): App\Controllers\DiagramaDoCerrado->enviaResposta()
#3 C:\xamppNOVO\htdocs\planilhasRaulCodeIgniter\system\CodeIgniter.php(398): CodeIgniter\CodeIgniter->runController(Object(App\Controllers\DiagramaDoCerrado))
#4 C:\xamppNOVO\htdocs\planilhasRaulCodeIgniter\system\CodeIgniter.php(306): CodeIgniter\CodeIgniter->handleRequest(NULL, Object(Config\Cache), false)
#5 C:\xamppNOVO\htdocs\planilhasRaulCodeIgniter\index.php(45): CodeIgniter\CodeIgniter->run()
#6 {main}
CRITICAL - 2020-09-05 09:11:31 --> Undefined index: id_usuario
#0 C:\xamppNOVO\htdocs\planilhasRaulCodeIgniter\app\Models\DiagramaDoCerradoModel.php(24): CodeIgniter\Debug\Exceptions->errorHandler(8, 'Undefined index...', 'C:\\xamppNOVO\\ht...', 24, Array)
#1 C:\xamppNOVO\htdocs\planilhasRaulCodeIgniter\app\Controllers\DiagramaDoCerrado.php(56): App\Models\DiagramaDoCerradoModel->gravaResposta(Array)
#2 C:\xamppNOVO\htdocs\planilhasRaulCodeIgniter\system\CodeIgniter.php(910): App\Controllers\DiagramaDoCerrado->enviaResposta()
#3 C:\xamppNOVO\htdocs\planilhasRaulCodeIgniter\system\CodeIgniter.php(398): CodeIgniter\CodeIgniter->runController(Object(App\Controllers\DiagramaDoCerrado))
#4 C:\xamppNOVO\htdocs\planilhasRaulCodeIgniter\system\CodeIgniter.php(306): CodeIgniter\CodeIgniter->handleRequest(NULL, Object(Config\Cache), false)
#5 C:\xamppNOVO\htdocs\planilhasRaulCodeIgniter\index.php(45): CodeIgniter\CodeIgniter->run()
#6 {main}
CRITICAL - 2020-09-05 09:11:33 --> Undefined index: id_usuario
#0 C:\xamppNOVO\htdocs\planilhasRaulCodeIgniter\app\Models\DiagramaDoCerradoModel.php(24): CodeIgniter\Debug\Exceptions->errorHandler(8, 'Undefined index...', 'C:\\xamppNOVO\\ht...', 24, Array)
#1 C:\xamppNOVO\htdocs\planilhasRaulCodeIgniter\app\Controllers\DiagramaDoCerrado.php(56): App\Models\DiagramaDoCerradoModel->gravaResposta(Array)
#2 C:\xamppNOVO\htdocs\planilhasRaulCodeIgniter\system\CodeIgniter.php(910): App\Controllers\DiagramaDoCerrado->enviaResposta()
#3 C:\xamppNOVO\htdocs\planilhasRaulCodeIgniter\system\CodeIgniter.php(398): CodeIgniter\CodeIgniter->runController(Object(App\Controllers\DiagramaDoCerrado))
#4 C:\xamppNOVO\htdocs\planilhasRaulCodeIgniter\system\CodeIgniter.php(306): CodeIgniter\CodeIgniter->handleRequest(NULL, Object(Config\Cache), false)
#5 C:\xamppNOVO\htdocs\planilhasRaulCodeIgniter\index.php(45): CodeIgniter\CodeIgniter->run()
#6 {main}
CRITICAL - 2020-09-05 09:11:40 --> Undefined index: id_usuario
#0 C:\xamppNOVO\htdocs\planilhasRaulCodeIgniter\app\Models\DiagramaDoCerradoModel.php(24): CodeIgniter\Debug\Exceptions->errorHandler(8, 'Undefined index...', 'C:\\xamppNOVO\\ht...', 24, Array)
#1 C:\xamppNOVO\htdocs\planilhasRaulCodeIgniter\app\Controllers\DiagramaDoCerrado.php(56): App\Models\DiagramaDoCerradoModel->gravaResposta(Array)
#2 C:\xamppNOVO\htdocs\planilhasRaulCodeIgniter\system\CodeIgniter.php(910): App\Controllers\DiagramaDoCerrado->enviaResposta()
#3 C:\xamppNOVO\htdocs\planilhasRaulCodeIgniter\system\CodeIgniter.php(398): CodeIgniter\CodeIgniter->runController(Object(App\Controllers\DiagramaDoCerrado))
#4 C:\xamppNOVO\htdocs\planilhasRaulCodeIgniter\system\CodeIgniter.php(306): CodeIgniter\CodeIgniter->handleRequest(NULL, Object(Config\Cache), false)
#5 C:\xamppNOVO\htdocs\planilhasRaulCodeIgniter\index.php(45): CodeIgniter\CodeIgniter->run()
#6 {main}
CRITICAL - 2020-09-05 09:11:41 --> Undefined index: id_usuario
#0 C:\xamppNOVO\htdocs\planilhasRaulCodeIgniter\app\Models\DiagramaDoCerradoModel.php(24): CodeIgniter\Debug\Exceptions->errorHandler(8, 'Undefined index...', 'C:\\xamppNOVO\\ht...', 24, Array)
#1 C:\xamppNOVO\htdocs\planilhasRaulCodeIgniter\app\Controllers\DiagramaDoCerrado.php(56): App\Models\DiagramaDoCerradoModel->gravaResposta(Array)
#2 C:\xamppNOVO\htdocs\planilhasRaulCodeIgniter\system\CodeIgniter.php(910): App\Controllers\DiagramaDoCerrado->enviaResposta()
#3 C:\xamppNOVO\htdocs\planilhasRaulCodeIgniter\system\CodeIgniter.php(398): CodeIgniter\CodeIgniter->runController(Object(App\Controllers\DiagramaDoCerrado))
#4 C:\xamppNOVO\htdocs\planilhasRaulCodeIgniter\system\CodeIgniter.php(306): CodeIgniter\CodeIgniter->handleRequest(NULL, Object(Config\Cache), false)
#5 C:\xamppNOVO\htdocs\planilhasRaulCodeIgniter\index.php(45): CodeIgniter\CodeIgniter->run()
#6 {main}
CRITICAL - 2020-09-05 10:04:24 --> Duplicate entry '6-2' for key 'id_usuario'
#0 C:\xamppNOVO\htdocs\planilhasRaulCodeIgniter\system\Database\MySQLi\Connection.php(330): mysqli->query('INSERT INTO `tb...')
#1 C:\xamppNOVO\htdocs\planilhasRaulCodeIgniter\system\Database\BaseConnection.php(738): CodeIgniter\Database\MySQLi\Connection->execute('INSERT INTO `tb...')
#2 C:\xamppNOVO\htdocs\planilhasRaulCodeIgniter\system\Database\BaseConnection.php(666): CodeIgniter\Database\BaseConnection->simpleQuery('INSERT INTO `tb...')
#3 C:\xamppNOVO\htdocs\planilhasRaulCodeIgniter\system\Database\BaseBuilder.php(2206): CodeIgniter\Database\BaseConnection->query('INSERT INTO `tb...', Array, false)
#4 C:\xamppNOVO\htdocs\planilhasRaulCodeIgniter\system\Model.php(722): CodeIgniter\Database\BaseBuilder->insert()
#5 C:\xamppNOVO\htdocs\planilhasRaulCodeIgniter\app\Models\DiagramaDoCerradoModel.php(29): CodeIgniter\Model->insert()
#6 C:\xamppNOVO\htdocs\planilhasRaulCodeIgniter\app\Controllers\DiagramaDoCerrado.php(56): App\Models\DiagramaDoCerradoModel->gravaResposta(Array)
#7 C:\xamppNOVO\htdocs\planilhasRaulCodeIgniter\system\CodeIgniter.php(910): App\Controllers\DiagramaDoCerrado->enviaResposta()
#8 C:\xamppNOVO\htdocs\planilhasRaulCodeIgniter\system\CodeIgniter.php(398): CodeIgniter\CodeIgniter->runController(Object(App\Controllers\DiagramaDoCerrado))
#9 C:\xamppNOVO\htdocs\planilhasRaulCodeIgniter\system\CodeIgniter.php(306): CodeIgniter\CodeIgniter->handleRequest(NULL, Object(Config\Cache), false)
#10 C:\xamppNOVO\htdocs\planilhasRaulCodeIgniter\index.php(45): CodeIgniter\CodeIgniter->run()
#11 {main}
CRITICAL - 2020-09-05 10:04:30 --> Duplicate entry '6-3' for key 'id_usuario'
#0 C:\xamppNOVO\htdocs\planilhasRaulCodeIgniter\system\Database\MySQLi\Connection.php(330): mysqli->query('INSERT INTO `tb...')
#1 C:\xamppNOVO\htdocs\planilhasRaulCodeIgniter\system\Database\BaseConnection.php(738): CodeIgniter\Database\MySQLi\Connection->execute('INSERT INTO `tb...')
#2 C:\xamppNOVO\htdocs\planilhasRaulCodeIgniter\system\Database\BaseConnection.php(666): CodeIgniter\Database\BaseConnection->simpleQuery('INSERT INTO `tb...')
#3 C:\xamppNOVO\htdocs\planilhasRaulCodeIgniter\system\Database\BaseBuilder.php(2206): CodeIgniter\Database\BaseConnection->query('INSERT INTO `tb...', Array, false)
#4 C:\xamppNOVO\htdocs\planilhasRaulCodeIgniter\system\Model.php(722): CodeIgniter\Database\BaseBuilder->insert()
#5 C:\xamppNOVO\htdocs\planilhasRaulCodeIgniter\app\Models\DiagramaDoCerradoModel.php(29): CodeIgniter\Model->insert()
#6 C:\xamppNOVO\htdocs\planilhasRaulCodeIgniter\app\Controllers\DiagramaDoCerrado.php(56): App\Models\DiagramaDoCerradoModel->gravaResposta(Array)
#7 C:\xamppNOVO\htdocs\planilhasRaulCodeIgniter\system\CodeIgniter.php(910): App\Controllers\DiagramaDoCerrado->enviaResposta()
#8 C:\xamppNOVO\htdocs\planilhasRaulCodeIgniter\system\CodeIgniter.php(398): CodeIgniter\CodeIgniter->runController(Object(App\Controllers\DiagramaDoCerrado))
#9 C:\xamppNOVO\htdocs\planilhasRaulCodeIgniter\system\CodeIgniter.php(306): CodeIgniter\CodeIgniter->handleRequest(NULL, Object(Config\Cache), false)
#10 C:\xamppNOVO\htdocs\planilhasRaulCodeIgniter\index.php(45): CodeIgniter\CodeIgniter->run()
#11 {main}
CRITICAL - 2020-09-05 10:05:34 --> Duplicate entry '6-1' for key 'id_usuario'
#0 C:\xamppNOVO\htdocs\planilhasRaulCodeIgniter\system\Database\MySQLi\Connection.php(330): mysqli->query('INSERT INTO `tb...')
#1 C:\xamppNOVO\htdocs\planilhasRaulCodeIgniter\system\Database\BaseConnection.php(738): CodeIgniter\Database\MySQLi\Connection->execute('INSERT INTO `tb...')
#2 C:\xamppNOVO\htdocs\planilhasRaulCodeIgniter\system\Database\BaseConnection.php(666): CodeIgniter\Database\BaseConnection->simpleQuery('INSERT INTO `tb...')
#3 C:\xamppNOVO\htdocs\planilhasRaulCodeIgniter\system\Database\BaseBuilder.php(2206): CodeIgniter\Database\BaseConnection->query('INSERT INTO `tb...', Array, false)
#4 C:\xamppNOVO\htdocs\planilhasRaulCodeIgniter\system\Model.php(722): CodeIgniter\Database\BaseBuilder->insert()
#5 C:\xamppNOVO\htdocs\planilhasRaulCodeIgniter\app\Models\DiagramaDoCerradoModel.php(29): CodeIgniter\Model->insert()
#6 C:\xamppNOVO\htdocs\planilhasRaulCodeIgniter\app\Controllers\DiagramaDoCerrado.php(56): App\Models\DiagramaDoCerradoModel->gravaResposta(Array)
#7 C:\xamppNOVO\htdocs\planilhasRaulCodeIgniter\system\CodeIgniter.php(910): App\Controllers\DiagramaDoCerrado->enviaResposta()
#8 C:\xamppNOVO\htdocs\planilhasRaulCodeIgniter\system\CodeIgniter.php(398): CodeIgniter\CodeIgniter->runController(Object(App\Controllers\DiagramaDoCerrado))
#9 C:\xamppNOVO\htdocs\planilhasRaulCodeIgniter\system\CodeIgniter.php(306): CodeIgniter\CodeIgniter->handleRequest(NULL, Object(Config\Cache), false)
#10 C:\xamppNOVO\htdocs\planilhasRaulCodeIgniter\index.php(45): CodeIgniter\CodeIgniter->run()
#11 {main}
CRITICAL - 2020-09-05 10:05:36 --> Duplicate entry '6-1' for key 'id_usuario'
#0 C:\xamppNOVO\htdocs\planilhasRaulCodeIgniter\system\Database\MySQLi\Connection.php(330): mysqli->query('INSERT INTO `tb...')
#1 C:\xamppNOVO\htdocs\planilhasRaulCodeIgniter\system\Database\BaseConnection.php(738): CodeIgniter\Database\MySQLi\Connection->execute('INSERT INTO `tb...')
#2 C:\xamppNOVO\htdocs\planilhasRaulCodeIgniter\system\Database\BaseConnection.php(666): CodeIgniter\Database\BaseConnection->simpleQuery('INSERT INTO `tb...')
#3 C:\xamppNOVO\htdocs\planilhasRaulCodeIgniter\system\Database\BaseBuilder.php(2206): CodeIgniter\Database\BaseConnection->query('INSERT INTO `tb...', Array, false)
#4 C:\xamppNOVO\htdocs\planilhasRaulCodeIgniter\system\Model.php(722): CodeIgniter\Database\BaseBuilder->insert()
#5 C:\xamppNOVO\htdocs\planilhasRaulCodeIgniter\app\Models\DiagramaDoCerradoModel.php(29): CodeIgniter\Model->insert()
#6 C:\xamppNOVO\htdocs\planilhasRaulCodeIgniter\app\Controllers\DiagramaDoCerrado.php(56): App\Models\DiagramaDoCerradoModel->gravaResposta(Array)
#7 C:\xamppNOVO\htdocs\planilhasRaulCodeIgniter\system\CodeIgniter.php(910): App\Controllers\DiagramaDoCerrado->enviaResposta()
#8 C:\xamppNOVO\htdocs\planilhasRaulCodeIgniter\system\CodeIgniter.php(398): CodeIgniter\CodeIgniter->runController(Object(App\Controllers\DiagramaDoCerrado))
#9 C:\xamppNOVO\htdocs\planilhasRaulCodeIgniter\system\CodeIgniter.php(306): CodeIgniter\CodeIgniter->handleRequest(NULL, Object(Config\Cache), false)
#10 C:\xamppNOVO\htdocs\planilhasRaulCodeIgniter\index.php(45): CodeIgniter\CodeIgniter->run()
#11 {main}
CRITICAL - 2020-09-05 10:05:38 --> Duplicate entry '6-1' for key 'id_usuario'
#0 C:\xamppNOVO\htdocs\planilhasRaulCodeIgniter\system\Database\MySQLi\Connection.php(330): mysqli->query('INSERT INTO `tb...')
#1 C:\xamppNOVO\htdocs\planilhasRaulCodeIgniter\system\Database\BaseConnection.php(738): CodeIgniter\Database\MySQLi\Connection->execute('INSERT INTO `tb...')
#2 C:\xamppNOVO\htdocs\planilhasRaulCodeIgniter\system\Database\BaseConnection.php(666): CodeIgniter\Database\BaseConnection->simpleQuery('INSERT INTO `tb...')
#3 C:\xamppNOVO\htdocs\planilhasRaulCodeIgniter\system\Database\BaseBuilder.php(2206): CodeIgniter\Database\BaseConnection->query('INSERT INTO `tb...', Array, false)
#4 C:\xamppNOVO\htdocs\planilhasRaulCodeIgniter\system\Model.php(722): CodeIgniter\Database\BaseBuilder->insert()
#5 C:\xamppNOVO\htdocs\planilhasRaulCodeIgniter\app\Models\DiagramaDoCerradoModel.php(29): CodeIgniter\Model->insert()
#6 C:\xamppNOVO\htdocs\planilhasRaulCodeIgniter\app\Controllers\DiagramaDoCerrado.php(56): App\Models\DiagramaDoCerradoModel->gravaResposta(Array)
#7 C:\xamppNOVO\htdocs\planilhasRaulCodeIgniter\system\CodeIgniter.php(910): App\Controllers\DiagramaDoCerrado->enviaResposta()
#8 C:\xamppNOVO\htdocs\planilhasRaulCodeIgniter\system\CodeIgniter.php(398): CodeIgniter\CodeIgniter->runController(Object(App\Controllers\DiagramaDoCerrado))
#9 C:\xamppNOVO\htdocs\planilhasRaulCodeIgniter\system\CodeIgniter.php(306): CodeIgniter\CodeIgniter->handleRequest(NULL, Object(Config\Cache), false)
#10 C:\xamppNOVO\htdocs\planilhasRaulCodeIgniter\index.php(45): CodeIgniter\CodeIgniter->run()
#11 {main}
CRITICAL - 2020-09-05 10:05:39 --> Duplicate entry '6-1' for key 'id_usuario'
#0 C:\xamppNOVO\htdocs\planilhasRaulCodeIgniter\system\Database\MySQLi\Connection.php(330): mysqli->query('INSERT INTO `tb...')
#1 C:\xamppNOVO\htdocs\planilhasRaulCodeIgniter\system\Database\BaseConnection.php(738): CodeIgniter\Database\MySQLi\Connection->execute('INSERT INTO `tb...')
#2 C:\xamppNOVO\htdocs\planilhasRaulCodeIgniter\system\Database\BaseConnection.php(666): CodeIgniter\Database\BaseConnection->simpleQuery('INSERT INTO `tb...')
#3 C:\xamppNOVO\htdocs\planilhasRaulCodeIgniter\system\Database\BaseBuilder.php(2206): CodeIgniter\Database\BaseConnection->query('INSERT INTO `tb...', Array, false)
#4 C:\xamppNOVO\htdocs\planilhasRaulCodeIgniter\system\Model.php(722): CodeIgniter\Database\BaseBuilder->insert()
#5 C:\xamppNOVO\htdocs\planilhasRaulCodeIgniter\app\Models\DiagramaDoCerradoModel.php(29): CodeIgniter\Model->insert()
#6 C:\xamppNOVO\htdocs\planilhasRaulCodeIgniter\app\Controllers\DiagramaDoCerrado.php(56): App\Models\DiagramaDoCerradoModel->gravaResposta(Array)
#7 C:\xamppNOVO\htdocs\planilhasRaulCodeIgniter\system\CodeIgniter.php(910): App\Controllers\DiagramaDoCerrado->enviaResposta()
#8 C:\xamppNOVO\htdocs\planilhasRaulCodeIgniter\system\CodeIgniter.php(398): CodeIgniter\CodeIgniter->runController(Object(App\Controllers\DiagramaDoCerrado))
#9 C:\xamppNOVO\htdocs\planilhasRaulCodeIgniter\system\CodeIgniter.php(306): CodeIgniter\CodeIgniter->handleRequest(NULL, Object(Config\Cache), false)
#10 C:\xamppNOVO\htdocs\planilhasRaulCodeIgniter\index.php(45): CodeIgniter\CodeIgniter->run()
#11 {main}
CRITICAL - 2020-09-05 10:05:40 --> Duplicate entry '6-1' for key 'id_usuario'
#0 C:\xamppNOVO\htdocs\planilhasRaulCodeIgniter\system\Database\MySQLi\Connection.php(330): mysqli->query('INSERT INTO `tb...')
#1 C:\xamppNOVO\htdocs\planilhasRaulCodeIgniter\system\Database\BaseConnection.php(738): CodeIgniter\Database\MySQLi\Connection->execute('INSERT INTO `tb...')
#2 C:\xamppNOVO\htdocs\planilhasRaulCodeIgniter\system\Database\BaseConnection.php(666): CodeIgniter\Database\BaseConnection->simpleQuery('INSERT INTO `tb...')
#3 C:\xamppNOVO\htdocs\planilhasRaulCodeIgniter\system\Database\BaseBuilder.php(2206): CodeIgniter\Database\BaseConnection->query('INSERT INTO `tb...', Array, false)
#4 C:\xamppNOVO\htdocs\planilhasRaulCodeIgniter\system\Model.php(722): CodeIgniter\Database\BaseBuilder->insert()
#5 C:\xamppNOVO\htdocs\planilhasRaulCodeIgniter\app\Models\DiagramaDoCerradoModel.php(29): CodeIgniter\Model->insert()
#6 C:\xamppNOVO\htdocs\planilhasRaulCodeIgniter\app\Controllers\DiagramaDoCerrado.php(56): App\Models\DiagramaDoCerradoModel->gravaResposta(Array)
#7 C:\xamppNOVO\htdocs\planilhasRaulCodeIgniter\system\CodeIgniter.php(910): App\Controllers\DiagramaDoCerrado->enviaResposta()
#8 C:\xamppNOVO\htdocs\planilhasRaulCodeIgniter\system\CodeIgniter.php(398): CodeIgniter\CodeIgniter->runController(Object(App\Controllers\DiagramaDoCerrado))
#9 C:\xamppNOVO\htdocs\planilhasRaulCodeIgniter\system\CodeIgniter.php(306): CodeIgniter\CodeIgniter->handleRequest(NULL, Object(Config\Cache), false)
#10 C:\xamppNOVO\htdocs\planilhasRaulCodeIgniter\index.php(45): CodeIgniter\CodeIgniter->run()
#11 {main}
CRITICAL - 2020-09-05 10:05:41 --> Duplicate entry '6-1' for key 'id_usuario'
#0 C:\xamppNOVO\htdocs\planilhasRaulCodeIgniter\system\Database\MySQLi\Connection.php(330): mysqli->query('INSERT INTO `tb...')
#1 C:\xamppNOVO\htdocs\planilhasRaulCodeIgniter\system\Database\BaseConnection.php(738): CodeIgniter\Database\MySQLi\Connection->execute('INSERT INTO `tb...')
#2 C:\xamppNOVO\htdocs\planilhasRaulCodeIgniter\system\Database\BaseConnection.php(666): CodeIgniter\Database\BaseConnection->simpleQuery('INSERT INTO `tb...')
#3 C:\xamppNOVO\htdocs\planilhasRaulCodeIgniter\system\Database\BaseBuilder.php(2206): CodeIgniter\Database\BaseConnection->query('INSERT INTO `tb...', Array, false)
#4 C:\xamppNOVO\htdocs\planilhasRaulCodeIgniter\system\Model.php(722): CodeIgniter\Database\BaseBuilder->insert()
#5 C:\xamppNOVO\htdocs\planilhasRaulCodeIgniter\app\Models\DiagramaDoCerradoModel.php(29): CodeIgniter\Model->insert()
#6 C:\xamppNOVO\htdocs\planilhasRaulCodeIgniter\app\Controllers\DiagramaDoCerrado.php(56): App\Models\DiagramaDoCerradoModel->gravaResposta(Array)
#7 C:\xamppNOVO\htdocs\planilhasRaulCodeIgniter\system\CodeIgniter.php(910): App\Controllers\DiagramaDoCerrado->enviaResposta()
#8 C:\xamppNOVO\htdocs\planilhasRaulCodeIgniter\system\CodeIgniter.php(398): CodeIgniter\CodeIgniter->runController(Object(App\Controllers\DiagramaDoCerrado))
#9 C:\xamppNOVO\htdocs\planilhasRaulCodeIgniter\system\CodeIgniter.php(306): CodeIgniter\CodeIgniter->handleRequest(NULL, Object(Config\Cache), false)
#10 C:\xamppNOVO\htdocs\planilhasRaulCodeIgniter\index.php(45): CodeIgniter\CodeIgniter->run()
#11 {main}
CRITICAL - 2020-09-05 10:06:22 --> Duplicate entry '6-2' for key 'id_usuario'
#0 C:\xamppNOVO\htdocs\planilhasRaulCodeIgniter\system\Database\MySQLi\Connection.php(330): mysqli->query('INSERT INTO `tb...')
#1 C:\xamppNOVO\htdocs\planilhasRaulCodeIgniter\system\Database\BaseConnection.php(738): CodeIgniter\Database\MySQLi\Connection->execute('INSERT INTO `tb...')
#2 C:\xamppNOVO\htdocs\planilhasRaulCodeIgniter\system\Database\BaseConnection.php(666): CodeIgniter\Database\BaseConnection->simpleQuery('INSERT INTO `tb...')
#3 C:\xamppNOVO\htdocs\planilhasRaulCodeIgniter\system\Database\BaseBuilder.php(2206): CodeIgniter\Database\BaseConnection->query('INSERT INTO `tb...', Array, false)
#4 C:\xamppNOVO\htdocs\planilhasRaulCodeIgniter\system\Model.php(722): CodeIgniter\Database\BaseBuilder->insert()
#5 C:\xamppNOVO\htdocs\planilhasRaulCodeIgniter\app\Models\DiagramaDoCerradoModel.php(29): CodeIgniter\Model->insert()
#6 C:\xamppNOVO\htdocs\planilhasRaulCodeIgniter\app\Controllers\DiagramaDoCerrado.php(56): App\Models\DiagramaDoCerradoModel->gravaResposta(Array)
#7 C:\xamppNOVO\htdocs\planilhasRaulCodeIgniter\system\CodeIgniter.php(910): App\Controllers\DiagramaDoCerrado->enviaResposta()
#8 C:\xamppNOVO\htdocs\planilhasRaulCodeIgniter\system\CodeIgniter.php(398): CodeIgniter\CodeIgniter->runController(Object(App\Controllers\DiagramaDoCerrado))
#9 C:\xamppNOVO\htdocs\planilhasRaulCodeIgniter\system\CodeIgniter.php(306): CodeIgniter\CodeIgniter->handleRequest(NULL, Object(Config\Cache), false)
#10 C:\xamppNOVO\htdocs\planilhasRaulCodeIgniter\index.php(45): CodeIgniter\CodeIgniter->run()
#11 {main}
CRITICAL - 2020-09-05 10:07:55 --> Duplicate entry '6-1' for key 'id_usuario'
#0 C:\xamppNOVO\htdocs\planilhasRaulCodeIgniter\system\Database\MySQLi\Connection.php(330): mysqli->query('INSERT INTO `tb...')
#1 C:\xamppNOVO\htdocs\planilhasRaulCodeIgniter\system\Database\BaseConnection.php(738): CodeIgniter\Database\MySQLi\Connection->execute('INSERT INTO `tb...')
#2 C:\xamppNOVO\htdocs\planilhasRaulCodeIgniter\system\Database\BaseConnection.php(666): CodeIgniter\Database\BaseConnection->simpleQuery('INSERT INTO `tb...')
#3 C:\xamppNOVO\htdocs\planilhasRaulCodeIgniter\system\Database\BaseBuilder.php(2206): CodeIgniter\Database\BaseConnection->query('INSERT INTO `tb...', Array, false)
#4 C:\xamppNOVO\htdocs\planilhasRaulCodeIgniter\system\Model.php(722): CodeIgniter\Database\BaseBuilder->insert()
#5 C:\xamppNOVO\htdocs\planilhasRaulCodeIgniter\app\Models\DiagramaDoCerradoModel.php(29): CodeIgniter\Model->insert()
#6 C:\xamppNOVO\htdocs\planilhasRaulCodeIgniter\app\Controllers\DiagramaDoCerrado.php(56): App\Models\DiagramaDoCerradoModel->gravaResposta(Array)
#7 C:\xamppNOVO\htdocs\planilhasRaulCodeIgniter\system\CodeIgniter.php(910): App\Controllers\DiagramaDoCerrado->enviaResposta()
#8 C:\xamppNOVO\htdocs\planilhasRaulCodeIgniter\system\CodeIgniter.php(398): CodeIgniter\CodeIgniter->runController(Object(App\Controllers\DiagramaDoCerrado))
#9 C:\xamppNOVO\htdocs\planilhasRaulCodeIgniter\system\CodeIgniter.php(306): CodeIgniter\CodeIgniter->handleRequest(NULL, Object(Config\Cache), false)
#10 C:\xamppNOVO\htdocs\planilhasRaulCodeIgniter\index.php(45): CodeIgniter\CodeIgniter->run()
#11 {main}
CRITICAL - 2020-09-05 10:07:57 --> Duplicate entry '6-1' for key 'id_usuario'
#0 C:\xamppNOVO\htdocs\planilhasRaulCodeIgniter\system\Database\MySQLi\Connection.php(330): mysqli->query('INSERT INTO `tb...')
#1 C:\xamppNOVO\htdocs\planilhasRaulCodeIgniter\system\Database\BaseConnection.php(738): CodeIgniter\Database\MySQLi\Connection->execute('INSERT INTO `tb...')
#2 C:\xamppNOVO\htdocs\planilhasRaulCodeIgniter\system\Database\BaseConnection.php(666): CodeIgniter\Database\BaseConnection->simpleQuery('INSERT INTO `tb...')
#3 C:\xamppNOVO\htdocs\planilhasRaulCodeIgniter\system\Database\BaseBuilder.php(2206): CodeIgniter\Database\BaseConnection->query('INSERT INTO `tb...', Array, false)
#4 C:\xamppNOVO\htdocs\planilhasRaulCodeIgniter\system\Model.php(722): CodeIgniter\Database\BaseBuilder->insert()
#5 C:\xamppNOVO\htdocs\planilhasRaulCodeIgniter\app\Models\DiagramaDoCerradoModel.php(29): CodeIgniter\Model->insert()
#6 C:\xamppNOVO\htdocs\planilhasRaulCodeIgniter\app\Controllers\DiagramaDoCerrado.php(56): App\Models\DiagramaDoCerradoModel->gravaResposta(Array)
#7 C:\xamppNOVO\htdocs\planilhasRaulCodeIgniter\system\CodeIgniter.php(910): App\Controllers\DiagramaDoCerrado->enviaResposta()
#8 C:\xamppNOVO\htdocs\planilhasRaulCodeIgniter\system\CodeIgniter.php(398): CodeIgniter\CodeIgniter->runController(Object(App\Controllers\DiagramaDoCerrado))
#9 C:\xamppNOVO\htdocs\planilhasRaulCodeIgniter\system\CodeIgniter.php(306): CodeIgniter\CodeIgniter->handleRequest(NULL, Object(Config\Cache), false)
#10 C:\xamppNOVO\htdocs\planilhasRaulCodeIgniter\index.php(45): CodeIgniter\CodeIgniter->run()
#11 {main}
CRITICAL - 2020-09-05 12:02:09 --> syntax error, unexpected 'public' (T_PUBLIC), expecting end of file
#0 C:\xamppNOVO\htdocs\planilhasRaulCodeIgniter\system\Router\Router.php(192): CodeIgniter\Router\Router->autoRoute('/diagramadocerr...')
#1 C:\xamppNOVO\htdocs\planilhasRaulCodeIgniter\system\CodeIgniter.php(785): CodeIgniter\Router\Router->handle('/diagramadocerr...')
#2 C:\xamppNOVO\htdocs\planilhasRaulCodeIgniter\system\CodeIgniter.php(358): CodeIgniter\CodeIgniter->tryToRouteIt(Object(CodeIgniter\Router\RouteCollection))
#3 C:\xamppNOVO\htdocs\planilhasRaulCodeIgniter\system\CodeIgniter.php(306): CodeIgniter\CodeIgniter->handleRequest(NULL, Object(Config\Cache), false)
#4 C:\xamppNOVO\htdocs\planilhasRaulCodeIgniter\index.php(45): CodeIgniter\CodeIgniter->run()
#5 {main}
CRITICAL - 2020-09-05 12:04:44 --> Deletes are not allowed unless they contain a "where" or "like" clause.
#0 C:\xamppNOVO\htdocs\planilhasRaulCodeIgniter\system\Model.php(937): CodeIgniter\Database\BaseBuilder->delete()
#1 C:\xamppNOVO\htdocs\planilhasRaulCodeIgniter\app\Models\DiagramaDoCerradoModel.php(40): CodeIgniter\Model->delete()
#2 C:\xamppNOVO\htdocs\planilhasRaulCodeIgniter\app\Controllers\DiagramaDoCerrado.php(58): App\Models\DiagramaDoCerradoModel->gravaResposta(Array)
#3 C:\xamppNOVO\htdocs\planilhasRaulCodeIgniter\system\CodeIgniter.php(910): App\Controllers\DiagramaDoCerrado->enviaResposta()
#4 C:\xamppNOVO\htdocs\planilhasRaulCodeIgniter\system\CodeIgniter.php(398): CodeIgniter\CodeIgniter->runController(Object(App\Controllers\DiagramaDoCerrado))
#5 C:\xamppNOVO\htdocs\planilhasRaulCodeIgniter\system\CodeIgniter.php(306): CodeIgniter\CodeIgniter->handleRequest(NULL, Object(Config\Cache), false)
#6 C:\xamppNOVO\htdocs\planilhasRaulCodeIgniter\index.php(45): CodeIgniter\CodeIgniter->run()
#7 {main}
CRITICAL - 2020-09-05 12:06:34 --> Duplicate entry '6-1' for key 'id_usuario'
#0 C:\xamppNOVO\htdocs\planilhasRaulCodeIgniter\system\Database\MySQLi\Connection.php(330): mysqli->query('INSERT INTO `tb...')
#1 C:\xamppNOVO\htdocs\planilhasRaulCodeIgniter\system\Database\BaseConnection.php(738): CodeIgniter\Database\MySQLi\Connection->execute('INSERT INTO `tb...')
#2 C:\xamppNOVO\htdocs\planilhasRaulCodeIgniter\system\Database\BaseConnection.php(666): CodeIgniter\Database\BaseConnection->simpleQuery('INSERT INTO `tb...')
#3 C:\xamppNOVO\htdocs\planilhasRaulCodeIgniter\system\Database\BaseBuilder.php(2206): CodeIgniter\Database\BaseConnection->query('INSERT INTO `tb...', Array, false)
#4 C:\xamppNOVO\htdocs\planilhasRaulCodeIgniter\system\Model.php(722): CodeIgniter\Database\BaseBuilder->insert()
#5 C:\xamppNOVO\htdocs\planilhasRaulCodeIgniter\app\Models\DiagramaDoCerradoModel.php(31): CodeIgniter\Model->insert()
#6 C:\xamppNOVO\htdocs\planilhasRaulCodeIgniter\app\Controllers\DiagramaDoCerrado.php(58): App\Models\DiagramaDoCerradoModel->gravaResposta(Array)
#7 C:\xamppNOVO\htdocs\planilhasRaulCodeIgniter\system\CodeIgniter.php(910): App\Controllers\DiagramaDoCerrado->enviaResposta()
#8 C:\xamppNOVO\htdocs\planilhasRaulCodeIgniter\system\CodeIgniter.php(398): CodeIgniter\CodeIgniter->runController(Object(App\Controllers\DiagramaDoCerrado))
#9 C:\xamppNOVO\htdocs\planilhasRaulCodeIgniter\system\CodeIgniter.php(306): CodeIgniter\CodeIgniter->handleRequest(NULL, Object(Config\Cache), false)
#10 C:\xamppNOVO\htdocs\planilhasRaulCodeIgniter\index.php(45): CodeIgniter\CodeIgniter->run()
#11 {main}
CRITICAL - 2020-09-05 12:06:36 --> Deletes are not allowed unless they contain a "where" or "like" clause.
#0 C:\xamppNOVO\htdocs\planilhasRaulCodeIgniter\system\Model.php(937): CodeIgniter\Database\BaseBuilder->delete()
#1 C:\xamppNOVO\htdocs\planilhasRaulCodeIgniter\app\Models\DiagramaDoCerradoModel.php(40): CodeIgniter\Model->delete()
#2 C:\xamppNOVO\htdocs\planilhasRaulCodeIgniter\app\Controllers\DiagramaDoCerrado.php(58): App\Models\DiagramaDoCerradoModel->gravaResposta(Array)
#3 C:\xamppNOVO\htdocs\planilhasRaulCodeIgniter\system\CodeIgniter.php(910): App\Controllers\DiagramaDoCerrado->enviaResposta()
#4 C:\xamppNOVO\htdocs\planilhasRaulCodeIgniter\system\CodeIgniter.php(398): CodeIgniter\CodeIgniter->runController(Object(App\Controllers\DiagramaDoCerrado))
#5 C:\xamppNOVO\htdocs\planilhasRaulCodeIgniter\system\CodeIgniter.php(306): CodeIgniter\CodeIgniter->handleRequest(NULL, Object(Config\Cache), false)
#6 C:\xamppNOVO\htdocs\planilhasRaulCodeIgniter\index.php(45): CodeIgniter\CodeIgniter->run()
#7 {main}
CRITICAL - 2020-09-05 12:06:36 --> Duplicate entry '6-1' for key 'id_usuario'
#0 C:\xamppNOVO\htdocs\planilhasRaulCodeIgniter\system\Database\MySQLi\Connection.php(330): mysqli->query('INSERT INTO `tb...')
#1 C:\xamppNOVO\htdocs\planilhasRaulCodeIgniter\system\Database\BaseConnection.php(738): CodeIgniter\Database\MySQLi\Connection->execute('INSERT INTO `tb...')
#2 C:\xamppNOVO\htdocs\planilhasRaulCodeIgniter\system\Database\BaseConnection.php(666): CodeIgniter\Database\BaseConnection->simpleQuery('INSERT INTO `tb...')
#3 C:\xamppNOVO\htdocs\planilhasRaulCodeIgniter\system\Database\BaseBuilder.php(2206): CodeIgniter\Database\BaseConnection->query('INSERT INTO `tb...', Array, false)
#4 C:\xamppNOVO\htdocs\planilhasRaulCodeIgniter\system\Model.php(722): CodeIgniter\Database\BaseBuilder->insert()
#5 C:\xamppNOVO\htdocs\planilhasRaulCodeIgniter\app\Models\DiagramaDoCerradoModel.php(31): CodeIgniter\Model->insert()
#6 C:\xamppNOVO\htdocs\planilhasRaulCodeIgniter\app\Controllers\DiagramaDoCerrado.php(58): App\Models\DiagramaDoCerradoModel->gravaResposta(Array)
#7 C:\xamppNOVO\htdocs\planilhasRaulCodeIgniter\system\CodeIgniter.php(910): App\Controllers\DiagramaDoCerrado->enviaResposta()
#8 C:\xamppNOVO\htdocs\planilhasRaulCodeIgniter\system\CodeIgniter.php(398): CodeIgniter\CodeIgniter->runController(Object(App\Controllers\DiagramaDoCerrado))
#9 C:\xamppNOVO\htdocs\planilhasRaulCodeIgniter\system\CodeIgniter.php(306): CodeIgniter\CodeIgniter->handleRequest(NULL, Object(Config\Cache), false)
#10 C:\xamppNOVO\htdocs\planilhasRaulCodeIgniter\index.php(45): CodeIgniter\CodeIgniter->run()
#11 {main}
CRITICAL - 2020-09-05 12:06:37 --> Deletes are not allowed unless they contain a "where" or "like" clause.
#0 C:\xamppNOVO\htdocs\planilhasRaulCodeIgniter\system\Model.php(937): CodeIgniter\Database\BaseBuilder->delete()
#1 C:\xamppNOVO\htdocs\planilhasRaulCodeIgniter\app\Models\DiagramaDoCerradoModel.php(40): CodeIgniter\Model->delete()
#2 C:\xamppNOVO\htdocs\planilhasRaulCodeIgniter\app\Controllers\DiagramaDoCerrado.php(58): App\Models\DiagramaDoCerradoModel->gravaResposta(Array)
#3 C:\xamppNOVO\htdocs\planilhasRaulCodeIgniter\system\CodeIgniter.php(910): App\Controllers\DiagramaDoCerrado->enviaResposta()
#4 C:\xamppNOVO\htdocs\planilhasRaulCodeIgniter\system\CodeIgniter.php(398): CodeIgniter\CodeIgniter->runController(Object(App\Controllers\DiagramaDoCerrado))
#5 C:\xamppNOVO\htdocs\planilhasRaulCodeIgniter\system\CodeIgniter.php(306): CodeIgniter\CodeIgniter->handleRequest(NULL, Object(Config\Cache), false)
#6 C:\xamppNOVO\htdocs\planilhasRaulCodeIgniter\index.php(45): CodeIgniter\CodeIgniter->run()
#7 {main}
CRITICAL - 2020-09-05 12:06:37 --> Duplicate entry '6-1' for key 'id_usuario'
#0 C:\xamppNOVO\htdocs\planilhasRaulCodeIgniter\system\Database\MySQLi\Connection.php(330): mysqli->query('INSERT INTO `tb...')
#1 C:\xamppNOVO\htdocs\planilhasRaulCodeIgniter\system\Database\BaseConnection.php(738): CodeIgniter\Database\MySQLi\Connection->execute('INSERT INTO `tb...')
#2 C:\xamppNOVO\htdocs\planilhasRaulCodeIgniter\system\Database\BaseConnection.php(666): CodeIgniter\Database\BaseConnection->simpleQuery('INSERT INTO `tb...')
#3 C:\xamppNOVO\htdocs\planilhasRaulCodeIgniter\system\Database\BaseBuilder.php(2206): CodeIgniter\Database\BaseConnection->query('INSERT INTO `tb...', Array, false)
#4 C:\xamppNOVO\htdocs\planilhasRaulCodeIgniter\system\Model.php(722): CodeIgniter\Database\BaseBuilder->insert()
#5 C:\xamppNOVO\htdocs\planilhasRaulCodeIgniter\app\Models\DiagramaDoCerradoModel.php(31): CodeIgniter\Model->insert()
#6 C:\xamppNOVO\htdocs\planilhasRaulCodeIgniter\app\Controllers\DiagramaDoCerrado.php(58): App\Models\DiagramaDoCerradoModel->gravaResposta(Array)
#7 C:\xamppNOVO\htdocs\planilhasRaulCodeIgniter\system\CodeIgniter.php(910): App\Controllers\DiagramaDoCerrado->enviaResposta()
#8 C:\xamppNOVO\htdocs\planilhasRaulCodeIgniter\system\CodeIgniter.php(398): CodeIgniter\CodeIgniter->runController(Object(App\Controllers\DiagramaDoCerrado))
#9 C:\xamppNOVO\htdocs\planilhasRaulCodeIgniter\system\CodeIgniter.php(306): CodeIgniter\CodeIgniter->handleRequest(NULL, Object(Config\Cache), false)
#10 C:\xamppNOVO\htdocs\planilhasRaulCodeIgniter\index.php(45): CodeIgniter\CodeIgniter->run()
#11 {main}
CRITICAL - 2020-09-05 12:39:28 --> Duplicate entry '6-1' for key 'id_usuario'
#0 C:\xamppNOVO\htdocs\planilhasRaulCodeIgniter\system\Database\MySQLi\Connection.php(330): mysqli->query('INSERT INTO `tb...')
#1 C:\xamppNOVO\htdocs\planilhasRaulCodeIgniter\system\Database\BaseConnection.php(738): CodeIgniter\Database\MySQLi\Connection->execute('INSERT INTO `tb...')
#2 C:\xamppNOVO\htdocs\planilhasRaulCodeIgniter\system\Database\BaseConnection.php(666): CodeIgniter\Database\BaseConnection->simpleQuery('INSERT INTO `tb...')
#3 C:\xamppNOVO\htdocs\planilhasRaulCodeIgniter\system\Database\BaseBuilder.php(2206): CodeIgniter\Database\BaseConnection->query('INSERT INTO `tb...', Array, false)
#4 C:\xamppNOVO\htdocs\planilhasRaulCodeIgniter\system\Model.php(722): CodeIgniter\Database\BaseBuilder->insert()
#5 C:\xamppNOVO\htdocs\planilhasRaulCodeIgniter\app\Models\DiagramaDoCerradoModel.php(31): CodeIgniter\Model->insert()
#6 C:\xamppNOVO\htdocs\planilhasRaulCodeIgniter\app\Controllers\DiagramaDoCerrado.php(58): App\Models\DiagramaDoCerradoModel->gravaResposta(Array)
#7 C:\xamppNOVO\htdocs\planilhasRaulCodeIgniter\system\CodeIgniter.php(910): App\Controllers\DiagramaDoCerrado->enviaResposta()
#8 C:\xamppNOVO\htdocs\planilhasRaulCodeIgniter\system\CodeIgniter.php(398): CodeIgniter\CodeIgniter->runController(Object(App\Controllers\DiagramaDoCerrado))
#9 C:\xamppNOVO\htdocs\planilhasRaulCodeIgniter\system\CodeIgniter.php(306): CodeIgniter\CodeIgniter->handleRequest(NULL, Object(Config\Cache), false)
#10 C:\xamppNOVO\htdocs\planilhasRaulCodeIgniter\index.php(45): CodeIgniter\CodeIgniter->run()
#11 {main}
CRITICAL - 2020-09-05 12:46:18 --> Undefined variable: login
#0 C:\xamppNOVO\htdocs\planilhasRaulCodeIgniter\app\Views\_footer.php(23): CodeIgniter\Debug\Exceptions->errorHandler(8, 'Undefined varia...', 'C:\\xamppNOVO\\ht...', 23, Array)
#1 C:\xamppNOVO\htdocs\planilhasRaulCodeIgniter\system\View\View.php(236): include('C:\\xamppNOVO\\ht...')
#2 C:\xamppNOVO\htdocs\planilhasRaulCodeIgniter\system\View\View.php(503): CodeIgniter\View\View->render('_footer.php', NULL, true)
#3 C:\xamppNOVO\htdocs\planilhasRaulCodeIgniter\app\Views\diagramadocerrado.php(182): CodeIgniter\View\View->include('_footer.php')
#4 C:\xamppNOVO\htdocs\planilhasRaulCodeIgniter\system\View\View.php(236): include('C:\\xamppNOVO\\ht...')
#5 C:\xamppNOVO\htdocs\planilhasRaulCodeIgniter\system\Common.php(1071): CodeIgniter\View\View->render('diagramadocerra...', Array, true)
#6 C:\xamppNOVO\htdocs\planilhasRaulCodeIgniter\app\Controllers\DiagramaDoCerrado.php(47): view('diagramadocerra...', Array)
#7 C:\xamppNOVO\htdocs\planilhasRaulCodeIgniter\system\CodeIgniter.php(910): App\Controllers\DiagramaDoCerrado->index()
#8 C:\xamppNOVO\htdocs\planilhasRaulCodeIgniter\system\CodeIgniter.php(398): CodeIgniter\CodeIgniter->runController(Object(App\Controllers\DiagramaDoCerrado))
#9 C:\xamppNOVO\htdocs\planilhasRaulCodeIgniter\system\CodeIgniter.php(306): CodeIgniter\CodeIgniter->handleRequest(NULL, Object(Config\Cache), false)
#10 C:\xamppNOVO\htdocs\planilhasRaulCodeIgniter\index.php(45): CodeIgniter\CodeIgniter->run()
#11 {main}
CRITICAL - 2020-09-05 12:46:44 --> Undefined variable: login
#0 C:\xamppNOVO\htdocs\planilhasRaulCodeIgniter\app\Views\_footer.php(23): CodeIgniter\Debug\Exceptions->errorHandler(8, 'Undefined varia...', 'C:\\xamppNOVO\\ht...', 23, Array)
#1 C:\xamppNOVO\htdocs\planilhasRaulCodeIgniter\system\View\View.php(236): include('C:\\xamppNOVO\\ht...')
#2 C:\xamppNOVO\htdocs\planilhasRaulCodeIgniter\system\View\View.php(503): CodeIgniter\View\View->render('_footer.php', NULL, true)
#3 C:\xamppNOVO\htdocs\planilhasRaulCodeIgniter\app\Views\diagramadocerrado.php(182): CodeIgniter\View\View->include('_footer.php')
#4 C:\xamppNOVO\htdocs\planilhasRaulCodeIgniter\system\View\View.php(236): include('C:\\xamppNOVO\\ht...')
#5 C:\xamppNOVO\htdocs\planilhasRaulCodeIgniter\system\Common.php(1071): CodeIgniter\View\View->render('diagramadocerra...', Array, true)
#6 C:\xamppNOVO\htdocs\planilhasRaulCodeIgniter\app\Controllers\DiagramaDoCerrado.php(47): view('diagramadocerra...', Array)
#7 C:\xamppNOVO\htdocs\planilhasRaulCodeIgniter\system\CodeIgniter.php(910): App\Controllers\DiagramaDoCerrado->index()
#8 C:\xamppNOVO\htdocs\planilhasRaulCodeIgniter\system\CodeIgniter.php(398): CodeIgniter\CodeIgniter->runController(Object(App\Controllers\DiagramaDoCerrado))
#9 C:\xamppNOVO\htdocs\planilhasRaulCodeIgniter\system\CodeIgniter.php(306): CodeIgniter\CodeIgniter->handleRequest(NULL, Object(Config\Cache), false)
#10 C:\xamppNOVO\htdocs\planilhasRaulCodeIgniter\index.php(45): CodeIgniter\CodeIgniter->run()
#11 {main}
CRITICAL - 2020-09-05 12:47:19 --> Undefined variable: login
#0 C:\xamppNOVO\htdocs\planilhasRaulCodeIgniter\app\Views\_footer.php(22): CodeIgniter\Debug\Exceptions->errorHandler(8, 'Undefined varia...', 'C:\\xamppNOVO\\ht...', 22, Array)
#1 C:\xamppNOVO\htdocs\planilhasRaulCodeIgniter\system\View\View.php(236): include('C:\\xamppNOVO\\ht...')
#2 C:\xamppNOVO\htdocs\planilhasRaulCodeIgniter\system\View\View.php(503): CodeIgniter\View\View->render('_footer.php', NULL, true)
#3 C:\xamppNOVO\htdocs\planilhasRaulCodeIgniter\app\Views\diagramadocerrado.php(182): CodeIgniter\View\View->include('_footer.php')
#4 C:\xamppNOVO\htdocs\planilhasRaulCodeIgniter\system\View\View.php(236): include('C:\\xamppNOVO\\ht...')
#5 C:\xamppNOVO\htdocs\planilhasRaulCodeIgniter\system\Common.php(1071): CodeIgniter\View\View->render('diagramadocerra...', Array, true)
#6 C:\xamppNOVO\htdocs\planilhasRaulCodeIgniter\app\Controllers\DiagramaDoCerrado.php(47): view('diagramadocerra...', Array)
#7 C:\xamppNOVO\htdocs\planilhasRaulCodeIgniter\system\CodeIgniter.php(910): App\Controllers\DiagramaDoCerrado->index()
#8 C:\xamppNOVO\htdocs\planilhasRaulCodeIgniter\system\CodeIgniter.php(398): CodeIgniter\CodeIgniter->runController(Object(App\Controllers\DiagramaDoCerrado))
#9 C:\xamppNOVO\htdocs\planilhasRaulCodeIgniter\system\CodeIgniter.php(306): CodeIgniter\CodeIgniter->handleRequest(NULL, Object(Config\Cache), false)
#10 C:\xamppNOVO\htdocs\planilhasRaulCodeIgniter\index.php(45): CodeIgniter\CodeIgniter->run()
#11 {main}
CRITICAL - 2020-09-05 12:48:07 --> Undefined variable: login
#0 C:\xamppNOVO\htdocs\planilhasRaulCodeIgniter\app\Views\_footer.php(20): CodeIgniter\Debug\Exceptions->errorHandler(8, 'Undefined varia...', 'C:\\xamppNOVO\\ht...', 20, Array)
#1 C:\xamppNOVO\htdocs\planilhasRaulCodeIgniter\system\View\View.php(236): include('C:\\xamppNOVO\\ht...')
#2 C:\xamppNOVO\htdocs\planilhasRaulCodeIgniter\system\View\View.php(503): CodeIgniter\View\View->render('_footer.php', NULL, true)
#3 C:\xamppNOVO\htdocs\planilhasRaulCodeIgniter\app\Views\login.php(36): CodeIgniter\View\View->include('_footer.php')
#4 C:\xamppNOVO\htdocs\planilhasRaulCodeIgniter\system\View\View.php(236): include('C:\\xamppNOVO\\ht...')
#5 C:\xamppNOVO\htdocs\planilhasRaulCodeIgniter\system\Common.php(1071): CodeIgniter\View\View->render('login', Array, true)
#6 C:\xamppNOVO\htdocs\planilhasRaulCodeIgniter\app\Controllers\Login.php(83): view('login', Array)
#7 C:\xamppNOVO\htdocs\planilhasRaulCodeIgniter\system\CodeIgniter.php(910): App\Controllers\Login->index('2')
#8 C:\xamppNOVO\htdocs\planilhasRaulCodeIgniter\system\CodeIgniter.php(398): CodeIgniter\CodeIgniter->runController(Object(App\Controllers\Login))
#9 C:\xamppNOVO\htdocs\planilhasRaulCodeIgniter\system\CodeIgniter.php(306): CodeIgniter\CodeIgniter->handleRequest(NULL, Object(Config\Cache), false)
#10 C:\xamppNOVO\htdocs\planilhasRaulCodeIgniter\index.php(45): CodeIgniter\CodeIgniter->run()
#11 {main}
CRITICAL - 2020-09-05 12:48:11 --> Undefined variable: login
#0 C:\xamppNOVO\htdocs\planilhasRaulCodeIgniter\app\Views\_footer.php(20): CodeIgniter\Debug\Exceptions->errorHandler(8, 'Undefined varia...', 'C:\\xamppNOVO\\ht...', 20, Array)
#1 C:\xamppNOVO\htdocs\planilhasRaulCodeIgniter\system\View\View.php(236): include('C:\\xamppNOVO\\ht...')
#2 C:\xamppNOVO\htdocs\planilhasRaulCodeIgniter\system\View\View.php(503): CodeIgniter\View\View->render('_footer.php', NULL, true)
#3 C:\xamppNOVO\htdocs\planilhasRaulCodeIgniter\app\Views\loginLista.php(73): CodeIgniter\View\View->include('_footer.php')
#4 C:\xamppNOVO\htdocs\planilhasRaulCodeIgniter\system\View\View.php(236): include('C:\\xamppNOVO\\ht...')
#5 C:\xamppNOVO\htdocs\planilhasRaulCodeIgniter\system\Common.php(1071): CodeIgniter\View\View->render('loginlista', Array, true)
#6 C:\xamppNOVO\htdocs\planilhasRaulCodeIgniter\app\Controllers\Login.php(209): view('loginlista', Array)
#7 C:\xamppNOVO\htdocs\planilhasRaulCodeIgniter\system\CodeIgniter.php(910): App\Controllers\Login->lista()
#8 C:\xamppNOVO\htdocs\planilhasRaulCodeIgniter\system\CodeIgniter.php(398): CodeIgniter\CodeIgniter->runController(Object(App\Controllers\Login))
#9 C:\xamppNOVO\htdocs\planilhasRaulCodeIgniter\system\CodeIgniter.php(306): CodeIgniter\CodeIgniter->handleRequest(NULL, Object(Config\Cache), false)
#10 C:\xamppNOVO\htdocs\planilhasRaulCodeIgniter\index.php(45): CodeIgniter\CodeIgniter->run()
#11 {main}
CRITICAL - 2020-09-05 12:48:14 --> Undefined variable: login
#0 C:\xamppNOVO\htdocs\planilhasRaulCodeIgniter\app\Views\_footer.php(20): CodeIgniter\Debug\Exceptions->errorHandler(8, 'Undefined varia...', 'C:\\xamppNOVO\\ht...', 20, Array)
#1 C:\xamppNOVO\htdocs\planilhasRaulCodeIgniter\system\View\View.php(236): include('C:\\xamppNOVO\\ht...')
#2 C:\xamppNOVO\htdocs\planilhasRaulCodeIgniter\system\View\View.php(503): CodeIgniter\View\View->render('_footer.php', NULL, true)
#3 C:\xamppNOVO\htdocs\planilhasRaulCodeIgniter\app\Views\diagramadocerrado.php(182): CodeIgniter\View\View->include('_footer.php')
#4 C:\xamppNOVO\htdocs\planilhasRaulCodeIgniter\system\View\View.php(236): include('C:\\xamppNOVO\\ht...')
#5 C:\xamppNOVO\htdocs\planilhasRaulCodeIgniter\system\Common.php(1071): CodeIgniter\View\View->render('diagramadocerra...', Array, true)
#6 C:\xamppNOVO\htdocs\planilhasRaulCodeIgniter\app\Controllers\DiagramaDoCerrado.php(47): view('diagramadocerra...', Array)
#7 C:\xamppNOVO\htdocs\planilhasRaulCodeIgniter\system\CodeIgniter.php(910): App\Controllers\DiagramaDoCerrado->index()
#8 C:\xamppNOVO\htdocs\planilhasRaulCodeIgniter\system\CodeIgniter.php(398): CodeIgniter\CodeIgniter->runController(Object(App\Controllers\DiagramaDoCerrado))
#9 C:\xamppNOVO\htdocs\planilhasRaulCodeIgniter\system\CodeIgniter.php(306): CodeIgniter\CodeIgniter->handleRequest(NULL, Object(Config\Cache), false)
#10 C:\xamppNOVO\htdocs\planilhasRaulCodeIgniter\index.php(45): CodeIgniter\CodeIgniter->run()
#11 {main}
CRITICAL - 2020-09-05 12:48:37 --> Undefined variable: login
#0 C:\xamppNOVO\htdocs\planilhasRaulCodeIgniter\app\Views\_footer.php(20): CodeIgniter\Debug\Exceptions->errorHandler(8, 'Undefined varia...', 'C:\\xamppNOVO\\ht...', 20, Array)
#1 C:\xamppNOVO\htdocs\planilhasRaulCodeIgniter\system\View\View.php(236): include('C:\\xamppNOVO\\ht...')
#2 C:\xamppNOVO\htdocs\planilhasRaulCodeIgniter\system\View\View.php(503): CodeIgniter\View\View->render('_footer.php', NULL, true)
#3 C:\xamppNOVO\htdocs\planilhasRaulCodeIgniter\app\Views\diagramadocerrado.php(182): CodeIgniter\View\View->include('_footer.php')
#4 C:\xamppNOVO\htdocs\planilhasRaulCodeIgniter\system\View\View.php(236): include('C:\\xamppNOVO\\ht...')
#5 C:\xamppNOVO\htdocs\planilhasRaulCodeIgniter\system\Common.php(1071): CodeIgniter\View\View->render('diagramadocerra...', Array, true)
#6 C:\xamppNOVO\htdocs\planilhasRaulCodeIgniter\app\Controllers\DiagramaDoCerrado.php(47): view('diagramadocerra...', Array)
#7 C:\xamppNOVO\htdocs\planilhasRaulCodeIgniter\system\CodeIgniter.php(910): App\Controllers\DiagramaDoCerrado->index()
#8 C:\xamppNOVO\htdocs\planilhasRaulCodeIgniter\system\CodeIgniter.php(398): CodeIgniter\CodeIgniter->runController(Object(App\Controllers\DiagramaDoCerrado))
#9 C:\xamppNOVO\htdocs\planilhasRaulCodeIgniter\system\CodeIgniter.php(306): CodeIgniter\CodeIgniter->handleRequest(NULL, Object(Config\Cache), false)
#10 C:\xamppNOVO\htdocs\planilhasRaulCodeIgniter\index.php(45): CodeIgniter\CodeIgniter->run()
#11 {main}
CRITICAL - 2020-09-05 12:49:17 --> Undefined variable: login
#0 C:\xamppNOVO\htdocs\planilhasRaulCodeIgniter\app\Views\_footer.php(20): CodeIgniter\Debug\Exceptions->errorHandler(8, 'Undefined varia...', 'C:\\xamppNOVO\\ht...', 20, Array)
#1 C:\xamppNOVO\htdocs\planilhasRaulCodeIgniter\system\View\View.php(236): include('C:\\xamppNOVO\\ht...')
#2 C:\xamppNOVO\htdocs\planilhasRaulCodeIgniter\system\View\View.php(503): CodeIgniter\View\View->render('_footer.php', NULL, true)
#3 C:\xamppNOVO\htdocs\planilhasRaulCodeIgniter\app\Views\diagramadocerrado.php(182): CodeIgniter\View\View->include('_footer.php')
#4 C:\xamppNOVO\htdocs\planilhasRaulCodeIgniter\system\View\View.php(236): include('C:\\xamppNOVO\\ht...')
#5 C:\xamppNOVO\htdocs\planilhasRaulCodeIgniter\system\Common.php(1071): CodeIgniter\View\View->render('diagramadocerra...', Array, true)
#6 C:\xamppNOVO\htdocs\planilhasRaulCodeIgniter\app\Controllers\DiagramaDoCerrado.php(47): view('diagramadocerra...', Array)
#7 C:\xamppNOVO\htdocs\planilhasRaulCodeIgniter\system\CodeIgniter.php(910): App\Controllers\DiagramaDoCerrado->index()
#8 C:\xamppNOVO\htdocs\planilhasRaulCodeIgniter\system\CodeIgniter.php(398): CodeIgniter\CodeIgniter->runController(Object(App\Controllers\DiagramaDoCerrado))
#9 C:\xamppNOVO\htdocs\planilhasRaulCodeIgniter\system\CodeIgniter.php(306): CodeIgniter\CodeIgniter->handleRequest(NULL, Object(Config\Cache), false)
#10 C:\xamppNOVO\htdocs\planilhasRaulCodeIgniter\index.php(45): CodeIgniter\CodeIgniter->run()
#11 {main}
CRITICAL - 2020-09-05 12:49:49 --> Undefined variable: login
#0 C:\xamppNOVO\htdocs\planilhasRaulCodeIgniter\app\Views\_footer.php(20): CodeIgniter\Debug\Exceptions->errorHandler(8, 'Undefined varia...', 'C:\\xamppNOVO\\ht...', 20, Array)
#1 C:\xamppNOVO\htdocs\planilhasRaulCodeIgniter\system\View\View.php(236): include('C:\\xamppNOVO\\ht...')
#2 C:\xamppNOVO\htdocs\planilhasRaulCodeIgniter\system\View\View.php(503): CodeIgniter\View\View->render('_footer.php', NULL, true)
#3 C:\xamppNOVO\htdocs\planilhasRaulCodeIgniter\app\Views\diagramadocerrado.php(182): CodeIgniter\View\View->include('_footer.php')
#4 C:\xamppNOVO\htdocs\planilhasRaulCodeIgniter\system\View\View.php(236): include('C:\\xamppNOVO\\ht...')
#5 C:\xamppNOVO\htdocs\planilhasRaulCodeIgniter\system\Common.php(1071): CodeIgniter\View\View->render('diagramadocerra...', Array, true)
#6 C:\xamppNOVO\htdocs\planilhasRaulCodeIgniter\app\Controllers\DiagramaDoCerrado.php(47): view('diagramadocerra...', Array)
#7 C:\xamppNOVO\htdocs\planilhasRaulCodeIgniter\system\CodeIgniter.php(910): App\Controllers\DiagramaDoCerrado->index()
#8 C:\xamppNOVO\htdocs\planilhasRaulCodeIgniter\system\CodeIgniter.php(398): CodeIgniter\CodeIgniter->runController(Object(App\Controllers\DiagramaDoCerrado))
#9 C:\xamppNOVO\htdocs\planilhasRaulCodeIgniter\system\CodeIgniter.php(306): CodeIgniter\CodeIgniter->handleRequest(NULL, Object(Config\Cache), false)
#10 C:\xamppNOVO\htdocs\planilhasRaulCodeIgniter\index.php(45): CodeIgniter\CodeIgniter->run()
#11 {main}
CRITICAL - 2020-09-05 13:22:57 --> Column 'id_questionario' in where clause is ambiguous
#0 C:\xamppNOVO\htdocs\planilhasRaulCodeIgniter\system\Database\MySQLi\Connection.php(330): mysqli->query('SELECT *\nFROM `...')
#1 C:\xamppNOVO\htdocs\planilhasRaulCodeIgniter\system\Database\BaseConnection.php(738): CodeIgniter\Database\MySQLi\Connection->execute('SELECT *\nFROM `...')
#2 C:\xamppNOVO\htdocs\planilhasRaulCodeIgniter\system\Database\BaseConnection.php(666): CodeIgniter\Database\BaseConnection->simpleQuery('SELECT *\nFROM `...')
#3 C:\xamppNOVO\htdocs\planilhasRaulCodeIgniter\system\Database\BaseBuilder.php(1819): CodeIgniter\Database\BaseConnection->query('SELECT *\nFROM `...', Array, false)
#4 C:\xamppNOVO\htdocs\planilhasRaulCodeIgniter\app\Models\DiagramaDoCerradoModel.php(19): CodeIgniter\Database\BaseBuilder->get()
#5 C:\xamppNOVO\htdocs\planilhasRaulCodeIgniter\app\Controllers\DiagramaDoCerrado.php(44): App\Models\DiagramaDoCerradoModel->retornaDadosQuestionario()
#6 C:\xamppNOVO\htdocs\planilhasRaulCodeIgniter\system\CodeIgniter.php(910): App\Controllers\DiagramaDoCerrado->index()
#7 C:\xamppNOVO\htdocs\planilhasRaulCodeIgniter\system\CodeIgniter.php(398): CodeIgniter\CodeIgniter->runController(Object(App\Controllers\DiagramaDoCerrado))
#8 C:\xamppNOVO\htdocs\planilhasRaulCodeIgniter\system\CodeIgniter.php(306): CodeIgniter\CodeIgniter->handleRequest(NULL, Object(Config\Cache), false)
#9 C:\xamppNOVO\htdocs\planilhasRaulCodeIgniter\index.php(45): CodeIgniter\CodeIgniter->run()
#10 {main}
CRITICAL - 2020-09-05 13:27:34 --> Table 'planilhas.tb_questionario_respsota' doesn't exist
#0 C:\xamppNOVO\htdocs\planilhasRaulCodeIgniter\system\Database\MySQLi\Connection.php(330): mysqli->query('SELECT *\nFROM `...')
#1 C:\xamppNOVO\htdocs\planilhasRaulCodeIgniter\system\Database\BaseConnection.php(738): CodeIgniter\Database\MySQLi\Connection->execute('SELECT *\nFROM `...')
#2 C:\xamppNOVO\htdocs\planilhasRaulCodeIgniter\system\Database\BaseConnection.php(666): CodeIgniter\Database\BaseConnection->simpleQuery('SELECT *\nFROM `...')
#3 C:\xamppNOVO\htdocs\planilhasRaulCodeIgniter\system\Database\BaseBuilder.php(1819): CodeIgniter\Database\BaseConnection->query('SELECT *\nFROM `...', Array, false)
#4 C:\xamppNOVO\htdocs\planilhasRaulCodeIgniter\app\Models\DiagramaDoCerradoModel.php(31): CodeIgniter\Database\BaseBuilder->get()
#5 C:\xamppNOVO\htdocs\planilhasRaulCodeIgniter\app\Controllers\DiagramaDoCerrado.php(46): App\Models\DiagramaDoCerradoModel->retornaRespostasQuestionario('6')
#6 C:\xamppNOVO\htdocs\planilhasRaulCodeIgniter\system\CodeIgniter.php(910): App\Controllers\DiagramaDoCerrado->index()
#7 C:\xamppNOVO\htdocs\planilhasRaulCodeIgniter\system\CodeIgniter.php(398): CodeIgniter\CodeIgniter->runController(Object(App\Controllers\DiagramaDoCerrado))
#8 C:\xamppNOVO\htdocs\planilhasRaulCodeIgniter\system\CodeIgniter.php(306): CodeIgniter\CodeIgniter->handleRequest(NULL, Object(Config\Cache), false)
#9 C:\xamppNOVO\htdocs\planilhasRaulCodeIgniter\index.php(45): CodeIgniter\CodeIgniter->run()
#10 {main}
CRITICAL - 2020-09-05 13:38:46 --> Duplicate entry '6-1' for key 'id_usuario'
#0 C:\xamppNOVO\htdocs\planilhasRaulCodeIgniter\system\Database\MySQLi\Connection.php(330): mysqli->query('INSERT INTO `tb...')
#1 C:\xamppNOVO\htdocs\planilhasRaulCodeIgniter\system\Database\BaseConnection.php(738): CodeIgniter\Database\MySQLi\Connection->execute('INSERT INTO `tb...')
#2 C:\xamppNOVO\htdocs\planilhasRaulCodeIgniter\system\Database\BaseConnection.php(666): CodeIgniter\Database\BaseConnection->simpleQuery('INSERT INTO `tb...')
#3 C:\xamppNOVO\htdocs\planilhasRaulCodeIgniter\system\Database\BaseBuilder.php(2206): CodeIgniter\Database\BaseConnection->query('INSERT INTO `tb...', Array, false)
#4 C:\xamppNOVO\htdocs\planilhasRaulCodeIgniter\system\Model.php(722): CodeIgniter\Database\BaseBuilder->insert()
#5 C:\xamppNOVO\htdocs\planilhasRaulCodeIgniter\app\Models\DiagramaDoCerradoModel.php(45): CodeIgniter\Model->insert()
#6 C:\xamppNOVO\htdocs\planilhasRaulCodeIgniter\app\Controllers\DiagramaDoCerrado.php(61): App\Models\DiagramaDoCerradoModel->gravaResposta(Array)
#7 C:\xamppNOVO\htdocs\planilhasRaulCodeIgniter\system\CodeIgniter.php(910): App\Controllers\DiagramaDoCerrado->enviaResposta()
#8 C:\xamppNOVO\htdocs\planilhasRaulCodeIgniter\system\CodeIgniter.php(398): CodeIgniter\CodeIgniter->runController(Object(App\Controllers\DiagramaDoCerrado))
#9 C:\xamppNOVO\htdocs\planilhasRaulCodeIgniter\system\CodeIgniter.php(306): CodeIgniter\CodeIgniter->handleRequest(NULL, Object(Config\Cache), false)
#10 C:\xamppNOVO\htdocs\planilhasRaulCodeIgniter\index.php(45): CodeIgniter\CodeIgniter->run()
#11 {main}
CRITICAL - 2020-09-05 13:39:01 --> Duplicate entry '6-2' for key 'id_usuario'
#0 C:\xamppNOVO\htdocs\planilhasRaulCodeIgniter\system\Database\MySQLi\Connection.php(330): mysqli->query('INSERT INTO `tb...')
#1 C:\xamppNOVO\htdocs\planilhasRaulCodeIgniter\system\Database\BaseConnection.php(738): CodeIgniter\Database\MySQLi\Connection->execute('INSERT INTO `tb...')
#2 C:\xamppNOVO\htdocs\planilhasRaulCodeIgniter\system\Database\BaseConnection.php(666): CodeIgniter\Database\BaseConnection->simpleQuery('INSERT INTO `tb...')
#3 C:\xamppNOVO\htdocs\planilhasRaulCodeIgniter\system\Database\BaseBuilder.php(2206): CodeIgniter\Database\BaseConnection->query('INSERT INTO `tb...', Array, false)
#4 C:\xamppNOVO\htdocs\planilhasRaulCodeIgniter\system\Model.php(722): CodeIgniter\Database\BaseBuilder->insert()
#5 C:\xamppNOVO\htdocs\planilhasRaulCodeIgniter\app\Models\DiagramaDoCerradoModel.php(45): CodeIgniter\Model->insert()
#6 C:\xamppNOVO\htdocs\planilhasRaulCodeIgniter\app\Controllers\DiagramaDoCerrado.php(61): App\Models\DiagramaDoCerradoModel->gravaResposta(Array)
#7 C:\xamppNOVO\htdocs\planilhasRaulCodeIgniter\system\CodeIgniter.php(910): App\Controllers\DiagramaDoCerrado->enviaResposta()
#8 C:\xamppNOVO\htdocs\planilhasRaulCodeIgniter\system\CodeIgniter.php(398): CodeIgniter\CodeIgniter->runController(Object(App\Controllers\DiagramaDoCerrado))
#9 C:\xamppNOVO\htdocs\planilhasRaulCodeIgniter\system\CodeIgniter.php(306): CodeIgniter\CodeIgniter->handleRequest(NULL, Object(Config\Cache), false)
#10 C:\xamppNOVO\htdocs\planilhasRaulCodeIgniter\index.php(45): CodeIgniter\CodeIgniter->run()
#11 {main}
CRITICAL - 2020-09-05 13:39:12 --> Duplicate entry '6-1' for key 'id_usuario'
#0 C:\xamppNOVO\htdocs\planilhasRaulCodeIgniter\system\Database\MySQLi\Connection.php(330): mysqli->query('INSERT INTO `tb...')
#1 C:\xamppNOVO\htdocs\planilhasRaulCodeIgniter\system\Database\BaseConnection.php(738): CodeIgniter\Database\MySQLi\Connection->execute('INSERT INTO `tb...')
#2 C:\xamppNOVO\htdocs\planilhasRaulCodeIgniter\system\Database\BaseConnection.php(666): CodeIgniter\Database\BaseConnection->simpleQuery('INSERT INTO `tb...')
#3 C:\xamppNOVO\htdocs\planilhasRaulCodeIgniter\system\Database\BaseBuilder.php(2206): CodeIgniter\Database\BaseConnection->query('INSERT INTO `tb...', Array, false)
#4 C:\xamppNOVO\htdocs\planilhasRaulCodeIgniter\system\Model.php(722): CodeIgniter\Database\BaseBuilder->insert()
#5 C:\xamppNOVO\htdocs\planilhasRaulCodeIgniter\app\Models\DiagramaDoCerradoModel.php(45): CodeIgniter\Model->insert()
#6 C:\xamppNOVO\htdocs\planilhasRaulCodeIgniter\app\Controllers\DiagramaDoCerrado.php(61): App\Models\DiagramaDoCerradoModel->gravaResposta(Array)
#7 C:\xamppNOVO\htdocs\planilhasRaulCodeIgniter\system\CodeIgniter.php(910): App\Controllers\DiagramaDoCerrado->enviaResposta()
#8 C:\xamppNOVO\htdocs\planilhasRaulCodeIgniter\system\CodeIgniter.php(398): CodeIgniter\CodeIgniter->runController(Object(App\Controllers\DiagramaDoCerrado))
#9 C:\xamppNOVO\htdocs\planilhasRaulCodeIgniter\system\CodeIgniter.php(306): CodeIgniter\CodeIgniter->handleRequest(NULL, Object(Config\Cache), false)
#10 C:\xamppNOVO\htdocs\planilhasRaulCodeIgniter\index.php(45): CodeIgniter\CodeIgniter->run()
#11 {main}
CRITICAL - 2020-09-05 13:45:29 --> Too few arguments to function App\Models\DiagramaDoCerradoModel::retornaPontuacaoQuestionario(), 0 passed in C:\xamppNOVO\htdocs\planilhasRaulCodeIgniter\app\Controllers\DiagramaDoCerrado.php on line 50 and exactly 1 expected
#0 C:\xamppNOVO\htdocs\planilhasRaulCodeIgniter\app\Controllers\DiagramaDoCerrado.php(50): App\Models\DiagramaDoCerradoModel->retornaPontuacaoQuestionario()
#1 C:\xamppNOVO\htdocs\planilhasRaulCodeIgniter\system\CodeIgniter.php(910): App\Controllers\DiagramaDoCerrado->index()
#2 C:\xamppNOVO\htdocs\planilhasRaulCodeIgniter\system\CodeIgniter.php(398): CodeIgniter\CodeIgniter->runController(Object(App\Controllers\DiagramaDoCerrado))
#3 C:\xamppNOVO\htdocs\planilhasRaulCodeIgniter\system\CodeIgniter.php(306): CodeIgniter\CodeIgniter->handleRequest(NULL, Object(Config\Cache), false)
#4 C:\xamppNOVO\htdocs\planilhasRaulCodeIgniter\index.php(45): CodeIgniter\CodeIgniter->run()
#5 {main}
CRITICAL - 2020-09-05 13:45:32 --> Too few arguments to function App\Models\DiagramaDoCerradoModel::retornaPontuacaoQuestionario(), 0 passed in C:\xamppNOVO\htdocs\planilhasRaulCodeIgniter\app\Controllers\DiagramaDoCerrado.php on line 50 and exactly 1 expected
#0 C:\xamppNOVO\htdocs\planilhasRaulCodeIgniter\app\Controllers\DiagramaDoCerrado.php(50): App\Models\DiagramaDoCerradoModel->retornaPontuacaoQuestionario()
#1 C:\xamppNOVO\htdocs\planilhasRaulCodeIgniter\system\CodeIgniter.php(910): App\Controllers\DiagramaDoCerrado->index()
#2 C:\xamppNOVO\htdocs\planilhasRaulCodeIgniter\system\CodeIgniter.php(398): CodeIgniter\CodeIgniter->runController(Object(App\Controllers\DiagramaDoCerrado))
#3 C:\xamppNOVO\htdocs\planilhasRaulCodeIgniter\system\CodeIgniter.php(306): CodeIgniter\CodeIgniter->handleRequest(NULL, Object(Config\Cache), false)
#4 C:\xamppNOVO\htdocs\planilhasRaulCodeIgniter\index.php(45): CodeIgniter\CodeIgniter->run()
#5 {main}
CRITICAL - 2020-09-05 13:45:48 --> Undefined variable: id_login
#0 C:\xamppNOVO\htdocs\planilhasRaulCodeIgniter\app\Controllers\DiagramaDoCerrado.php(50): CodeIgniter\Debug\Exceptions->errorHandler(8, 'Undefined varia...', 'C:\\xamppNOVO\\ht...', 50, Array)
#1 C:\xamppNOVO\htdocs\planilhasRaulCodeIgniter\system\CodeIgniter.php(910): App\Controllers\DiagramaDoCerrado->index()
#2 C:\xamppNOVO\htdocs\planilhasRaulCodeIgniter\system\CodeIgniter.php(398): CodeIgniter\CodeIgniter->runController(Object(App\Controllers\DiagramaDoCerrado))
#3 C:\xamppNOVO\htdocs\planilhasRaulCodeIgniter\system\CodeIgniter.php(306): CodeIgniter\CodeIgniter->handleRequest(NULL, Object(Config\Cache), false)
#4 C:\xamppNOVO\htdocs\planilhasRaulCodeIgniter\index.php(45): CodeIgniter\CodeIgniter->run()
#5 {main}
CRITICAL - 2020-09-05 13:45:51 --> Undefined variable: id_login
#0 C:\xamppNOVO\htdocs\planilhasRaulCodeIgniter\app\Controllers\DiagramaDoCerrado.php(50): CodeIgniter\Debug\Exceptions->errorHandler(8, 'Undefined varia...', 'C:\\xamppNOVO\\ht...', 50, Array)
#1 C:\xamppNOVO\htdocs\planilhasRaulCodeIgniter\system\CodeIgniter.php(910): App\Controllers\DiagramaDoCerrado->index()
#2 C:\xamppNOVO\htdocs\planilhasRaulCodeIgniter\system\CodeIgniter.php(398): CodeIgniter\CodeIgniter->runController(Object(App\Controllers\DiagramaDoCerrado))
#3 C:\xamppNOVO\htdocs\planilhasRaulCodeIgniter\system\CodeIgniter.php(306): CodeIgniter\CodeIgniter->handleRequest(NULL, Object(Config\Cache), false)
#4 C:\xamppNOVO\htdocs\planilhasRaulCodeIgniter\index.php(45): CodeIgniter\CodeIgniter->run()
#5 {main}
CRITICAL - 2020-09-05 13:46:31 --> You have an error in your SQL syntax; check the manual that corresponds to your MySQL server version for the right syntax to use near '*) as qt_perguntas
FROM `tb_questionario` as `q`
JOIN `tb_questionario_pergunta`' at line 1
#0 C:\xamppNOVO\htdocs\planilhasRaulCodeIgniter\system\Database\MySQLi\Connection.php(330): mysqli->query('SELECT count(qp...')
#1 C:\xamppNOVO\htdocs\planilhasRaulCodeIgniter\system\Database\BaseConnection.php(738): CodeIgniter\Database\MySQLi\Connection->execute('SELECT count(qp...')
#2 C:\xamppNOVO\htdocs\planilhasRaulCodeIgniter\system\Database\BaseConnection.php(666): CodeIgniter\Database\BaseConnection->simpleQuery('SELECT count(qp...')
#3 C:\xamppNOVO\htdocs\planilhasRaulCodeIgniter\system\Database\BaseBuilder.php(1819): CodeIgniter\Database\BaseConnection->query('SELECT count(qp...', Array, false)
#4 C:\xamppNOVO\htdocs\planilhasRaulCodeIgniter\app\Models\DiagramaDoCerradoModel.php(43): CodeIgniter\Database\BaseBuilder->get()
#5 C:\xamppNOVO\htdocs\planilhasRaulCodeIgniter\app\Controllers\DiagramaDoCerrado.php(50): App\Models\DiagramaDoCerradoModel->retornaPontuacaoQuestionario('6')
#6 C:\xamppNOVO\htdocs\planilhasRaulCodeIgniter\system\CodeIgniter.php(910): App\Controllers\DiagramaDoCerrado->index()
#7 C:\xamppNOVO\htdocs\planilhasRaulCodeIgniter\system\CodeIgniter.php(398): CodeIgniter\CodeIgniter->runController(Object(App\Controllers\DiagramaDoCerrado))
#8 C:\xamppNOVO\htdocs\planilhasRaulCodeIgniter\system\CodeIgniter.php(306): CodeIgniter\CodeIgniter->handleRequest(NULL, Object(Config\Cache), false)
#9 C:\xamppNOVO\htdocs\planilhasRaulCodeIgniter\index.php(45): CodeIgniter\CodeIgniter->run()
#10 {main}
CRITICAL - 2020-09-05 13:46:59 --> Unknown column 'q.id_questionario' in 'where clause'
#0 C:\xamppNOVO\htdocs\planilhasRaulCodeIgniter\system\Database\MySQLi\Connection.php(330): mysqli->query('SELECT count(*)...')
#1 C:\xamppNOVO\htdocs\planilhasRaulCodeIgniter\system\Database\BaseConnection.php(738): CodeIgniter\Database\MySQLi\Connection->execute('SELECT count(*)...')
#2 C:\xamppNOVO\htdocs\planilhasRaulCodeIgniter\system\Database\BaseConnection.php(666): CodeIgniter\Database\BaseConnection->simpleQuery('SELECT count(*)...')
#3 C:\xamppNOVO\htdocs\planilhasRaulCodeIgniter\system\Database\BaseBuilder.php(1819): CodeIgniter\Database\BaseConnection->query('SELECT count(*)...', Array, false)
#4 C:\xamppNOVO\htdocs\planilhasRaulCodeIgniter\app\Models\DiagramaDoCerradoModel.php(42): CodeIgniter\Database\BaseBuilder->get()
#5 C:\xamppNOVO\htdocs\planilhasRaulCodeIgniter\app\Controllers\DiagramaDoCerrado.php(50): App\Models\DiagramaDoCerradoModel->retornaPontuacaoQuestionario('6')
#6 C:\xamppNOVO\htdocs\planilhasRaulCodeIgniter\system\CodeIgniter.php(910): App\Controllers\DiagramaDoCerrado->index()
#7 C:\xamppNOVO\htdocs\planilhasRaulCodeIgniter\system\CodeIgniter.php(398): CodeIgniter\CodeIgniter->runController(Object(App\Controllers\DiagramaDoCerrado))
#8 C:\xamppNOVO\htdocs\planilhasRaulCodeIgniter\system\CodeIgniter.php(306): CodeIgniter\CodeIgniter->handleRequest(NULL, Object(Config\Cache), false)
#9 C:\xamppNOVO\htdocs\planilhasRaulCodeIgniter\index.php(45): CodeIgniter\CodeIgniter->run()
#10 {main}
CRITICAL - 2020-09-05 13:49:38 --> Trying to get property 'qt_perguntas' of non-object
#0 C:\xamppNOVO\htdocs\planilhasRaulCodeIgniter\app\Models\DiagramaDoCerradoModel.php(43): CodeIgniter\Debug\Exceptions->errorHandler(8, 'Trying to get p...', 'C:\\xamppNOVO\\ht...', 43, Array)
#1 C:\xamppNOVO\htdocs\planilhasRaulCodeIgniter\app\Controllers\DiagramaDoCerrado.php(50): App\Models\DiagramaDoCerradoModel->retornaPontuacaoQuestionario('6')
#2 C:\xamppNOVO\htdocs\planilhasRaulCodeIgniter\system\CodeIgniter.php(910): App\Controllers\DiagramaDoCerrado->index()
#3 C:\xamppNOVO\htdocs\planilhasRaulCodeIgniter\system\CodeIgniter.php(398): CodeIgniter\CodeIgniter->runController(Object(App\Controllers\DiagramaDoCerrado))
#4 C:\xamppNOVO\htdocs\planilhasRaulCodeIgniter\system\CodeIgniter.php(306): CodeIgniter\CodeIgniter->handleRequest(NULL, Object(Config\Cache), false)
#5 C:\xamppNOVO\htdocs\planilhasRaulCodeIgniter\index.php(45): CodeIgniter\CodeIgniter->run()
#6 {main}
CRITICAL - 2020-09-05 13:49:47 --> Undefined index: qt_perguntas
#0 C:\xamppNOVO\htdocs\planilhasRaulCodeIgniter\app\Models\DiagramaDoCerradoModel.php(43): CodeIgniter\Debug\Exceptions->errorHandler(8, 'Undefined index...', 'C:\\xamppNOVO\\ht...', 43, Array)
#1 C:\xamppNOVO\htdocs\planilhasRaulCodeIgniter\app\Controllers\DiagramaDoCerrado.php(50): App\Models\DiagramaDoCerradoModel->retornaPontuacaoQuestionario('6')
#2 C:\xamppNOVO\htdocs\planilhasRaulCodeIgniter\system\CodeIgniter.php(910): App\Controllers\DiagramaDoCerrado->index()
#3 C:\xamppNOVO\htdocs\planilhasRaulCodeIgniter\system\CodeIgniter.php(398): CodeIgniter\CodeIgniter->runController(Object(App\Controllers\DiagramaDoCerrado))
#4 C:\xamppNOVO\htdocs\planilhasRaulCodeIgniter\system\CodeIgniter.php(306): CodeIgniter\CodeIgniter->handleRequest(NULL, Object(Config\Cache), false)
#5 C:\xamppNOVO\htdocs\planilhasRaulCodeIgniter\index.php(45): CodeIgniter\CodeIgniter->run()
#6 {main}
CRITICAL - 2020-09-05 13:50:07 --> Trying to get property 'qt_perguntas' of non-object
#0 C:\xamppNOVO\htdocs\planilhasRaulCodeIgniter\app\Models\DiagramaDoCerradoModel.php(44): CodeIgniter\Debug\Exceptions->errorHandler(8, 'Trying to get p...', 'C:\\xamppNOVO\\ht...', 44, Array)
#1 C:\xamppNOVO\htdocs\planilhasRaulCodeIgniter\app\Controllers\DiagramaDoCerrado.php(50): App\Models\DiagramaDoCerradoModel->retornaPontuacaoQuestionario('6')
#2 C:\xamppNOVO\htdocs\planilhasRaulCodeIgniter\system\CodeIgniter.php(910): App\Controllers\DiagramaDoCerrado->index()
#3 C:\xamppNOVO\htdocs\planilhasRaulCodeIgniter\system\CodeIgniter.php(398): CodeIgniter\CodeIgniter->runController(Object(App\Controllers\DiagramaDoCerrado))
#4 C:\xamppNOVO\htdocs\planilhasRaulCodeIgniter\system\CodeIgniter.php(306): CodeIgniter\CodeIgniter->handleRequest(NULL, Object(Config\Cache), false)
#5 C:\xamppNOVO\htdocs\planilhasRaulCodeIgniter\index.php(45): CodeIgniter\CodeIgniter->run()
#6 {main}
CRITICAL - 2020-09-05 13:50:15 --> Undefined index: qt_perguntas
#0 C:\xamppNOVO\htdocs\planilhasRaulCodeIgniter\app\Models\DiagramaDoCerradoModel.php(44): CodeIgniter\Debug\Exceptions->errorHandler(8, 'Undefined index...', 'C:\\xamppNOVO\\ht...', 44, Array)
#1 C:\xamppNOVO\htdocs\planilhasRaulCodeIgniter\app\Controllers\DiagramaDoCerrado.php(50): App\Models\DiagramaDoCerradoModel->retornaPontuacaoQuestionario('6')
#2 C:\xamppNOVO\htdocs\planilhasRaulCodeIgniter\system\CodeIgniter.php(910): App\Controllers\DiagramaDoCerrado->index()
#3 C:\xamppNOVO\htdocs\planilhasRaulCodeIgniter\system\CodeIgniter.php(398): CodeIgniter\CodeIgniter->runController(Object(App\Controllers\DiagramaDoCerrado))
#4 C:\xamppNOVO\htdocs\planilhasRaulCodeIgniter\system\CodeIgniter.php(306): CodeIgniter\CodeIgniter->handleRequest(NULL, Object(Config\Cache), false)
#5 C:\xamppNOVO\htdocs\planilhasRaulCodeIgniter\index.php(45): CodeIgniter\CodeIgniter->run()
#6 {main}
CRITICAL - 2020-09-05 13:50:38 --> Cannot use object of type stdClass as array
#0 C:\xamppNOVO\htdocs\planilhasRaulCodeIgniter\app\Controllers\DiagramaDoCerrado.php(50): App\Models\DiagramaDoCerradoModel->retornaPontuacaoQuestionario('6')
#1 C:\xamppNOVO\htdocs\planilhasRaulCodeIgniter\system\CodeIgniter.php(910): App\Controllers\DiagramaDoCerrado->index()
#2 C:\xamppNOVO\htdocs\planilhasRaulCodeIgniter\system\CodeIgniter.php(398): CodeIgniter\CodeIgniter->runController(Object(App\Controllers\DiagramaDoCerrado))
#3 C:\xamppNOVO\htdocs\planilhasRaulCodeIgniter\system\CodeIgniter.php(306): CodeIgniter\CodeIgniter->handleRequest(NULL, Object(Config\Cache), false)
#4 C:\xamppNOVO\htdocs\planilhasRaulCodeIgniter\index.php(45): CodeIgniter\CodeIgniter->run()
#5 {main}
CRITICAL - 2020-09-05 13:52:57 --> Unknown column 'q.tx_resposta' in 'where clause'
#0 C:\xamppNOVO\htdocs\planilhasRaulCodeIgniter\system\Database\MySQLi\Connection.php(330): mysqli->query('SELECT count(*)...')
#1 C:\xamppNOVO\htdocs\planilhasRaulCodeIgniter\system\Database\BaseConnection.php(738): CodeIgniter\Database\MySQLi\Connection->execute('SELECT count(*)...')
#2 C:\xamppNOVO\htdocs\planilhasRaulCodeIgniter\system\Database\BaseConnection.php(666): CodeIgniter\Database\BaseConnection->simpleQuery('SELECT count(*)...')
#3 C:\xamppNOVO\htdocs\planilhasRaulCodeIgniter\system\Database\BaseBuilder.php(1819): CodeIgniter\Database\BaseConnection->query('SELECT count(*)...', Array, false)
#4 C:\xamppNOVO\htdocs\planilhasRaulCodeIgniter\app\Models\DiagramaDoCerradoModel.php(55): CodeIgniter\Database\BaseBuilder->get()
#5 C:\xamppNOVO\htdocs\planilhasRaulCodeIgniter\app\Controllers\DiagramaDoCerrado.php(50): App\Models\DiagramaDoCerradoModel->retornaPontuacaoQuestionario('6')
#6 C:\xamppNOVO\htdocs\planilhasRaulCodeIgniter\system\CodeIgniter.php(910): App\Controllers\DiagramaDoCerrado->index()
#7 C:\xamppNOVO\htdocs\planilhasRaulCodeIgniter\system\CodeIgniter.php(398): CodeIgniter\CodeIgniter->runController(Object(App\Controllers\DiagramaDoCerrado))
#8 C:\xamppNOVO\htdocs\planilhasRaulCodeIgniter\system\CodeIgniter.php(306): CodeIgniter\CodeIgniter->handleRequest(NULL, Object(Config\Cache), false)
#9 C:\xamppNOVO\htdocs\planilhasRaulCodeIgniter\index.php(45): CodeIgniter\CodeIgniter->run()
#10 {main}
CRITICAL - 2020-09-05 13:58:24 --> Trying to get property 'respostas' of non-object
#0 C:\xamppNOVO\htdocs\planilhasRaulCodeIgniter\app\Views\diagramadocerrado.php(59): CodeIgniter\Debug\Exceptions->errorHandler(8, 'Trying to get p...', 'C:\\xamppNOVO\\ht...', 59, Array)
#1 C:\xamppNOVO\htdocs\planilhasRaulCodeIgniter\system\View\View.php(236): include('C:\\xamppNOVO\\ht...')
#2 C:\xamppNOVO\htdocs\planilhasRaulCodeIgniter\system\Common.php(1071): CodeIgniter\View\View->render('diagramadocerra...', Array, true)
#3 C:\xamppNOVO\htdocs\planilhasRaulCodeIgniter\app\Controllers\DiagramaDoCerrado.php(52): view('diagramadocerra...', Array)
#4 C:\xamppNOVO\htdocs\planilhasRaulCodeIgniter\system\CodeIgniter.php(910): App\Controllers\DiagramaDoCerrado->index()
#5 C:\xamppNOVO\htdocs\planilhasRaulCodeIgniter\system\CodeIgniter.php(398): CodeIgniter\CodeIgniter->runController(Object(App\Controllers\DiagramaDoCerrado))
#6 C:\xamppNOVO\htdocs\planilhasRaulCodeIgniter\system\CodeIgniter.php(306): CodeIgniter\CodeIgniter->handleRequest(NULL, Object(Config\Cache), false)
#7 C:\xamppNOVO\htdocs\planilhasRaulCodeIgniter\index.php(45): CodeIgniter\CodeIgniter->run()
#8 {main}
CRITICAL - 2020-09-05 13:58:37 --> Trying to get property 'respostas' of non-object
#0 C:\xamppNOVO\htdocs\planilhasRaulCodeIgniter\app\Views\diagramadocerrado.php(59): CodeIgniter\Debug\Exceptions->errorHandler(8, 'Trying to get p...', 'C:\\xamppNOVO\\ht...', 59, Array)
#1 C:\xamppNOVO\htdocs\planilhasRaulCodeIgniter\system\View\View.php(236): include('C:\\xamppNOVO\\ht...')
#2 C:\xamppNOVO\htdocs\planilhasRaulCodeIgniter\system\Common.php(1071): CodeIgniter\View\View->render('diagramadocerra...', Array, true)
#3 C:\xamppNOVO\htdocs\planilhasRaulCodeIgniter\app\Controllers\DiagramaDoCerrado.php(52): view('diagramadocerra...', Array)
#4 C:\xamppNOVO\htdocs\planilhasRaulCodeIgniter\system\CodeIgniter.php(910): App\Controllers\DiagramaDoCerrado->index()
#5 C:\xamppNOVO\htdocs\planilhasRaulCodeIgniter\system\CodeIgniter.php(398): CodeIgniter\CodeIgniter->runController(Object(App\Controllers\DiagramaDoCerrado))
#6 C:\xamppNOVO\htdocs\planilhasRaulCodeIgniter\system\CodeIgniter.php(306): CodeIgniter\CodeIgniter->handleRequest(NULL, Object(Config\Cache), false)
#7 C:\xamppNOVO\htdocs\planilhasRaulCodeIgniter\index.php(45): CodeIgniter\CodeIgniter->run()
#8 {main}
CRITICAL - 2020-09-05 13:58:58 --> Undefined offset: 0
#0 C:\xamppNOVO\htdocs\planilhasRaulCodeIgniter\app\Views\diagramadocerrado.php(59): CodeIgniter\Debug\Exceptions->errorHandler(8, 'Undefined offse...', 'C:\\xamppNOVO\\ht...', 59, Array)
#1 C:\xamppNOVO\htdocs\planilhasRaulCodeIgniter\system\View\View.php(236): include('C:\\xamppNOVO\\ht...')
#2 C:\xamppNOVO\htdocs\planilhasRaulCodeIgniter\system\Common.php(1071): CodeIgniter\View\View->render('diagramadocerra...', Array, true)
#3 C:\xamppNOVO\htdocs\planilhasRaulCodeIgniter\app\Controllers\DiagramaDoCerrado.php(52): view('diagramadocerra...', Array)
#4 C:\xamppNOVO\htdocs\planilhasRaulCodeIgniter\system\CodeIgniter.php(910): App\Controllers\DiagramaDoCerrado->index()
#5 C:\xamppNOVO\htdocs\planilhasRaulCodeIgniter\system\CodeIgniter.php(398): CodeIgniter\CodeIgniter->runController(Object(App\Controllers\DiagramaDoCerrado))
#6 C:\xamppNOVO\htdocs\planilhasRaulCodeIgniter\system\CodeIgniter.php(306): CodeIgniter\CodeIgniter->handleRequest(NULL, Object(Config\Cache), false)
#7 C:\xamppNOVO\htdocs\planilhasRaulCodeIgniter\index.php(45): CodeIgniter\CodeIgniter->run()
#8 {main}
CRITICAL - 2020-09-05 13:59:10 --> Trying to get property 'perguntas' of non-object
#0 C:\xamppNOVO\htdocs\planilhasRaulCodeIgniter\app\Views\diagramadocerrado.php(68): CodeIgniter\Debug\Exceptions->errorHandler(8, 'Trying to get p...', 'C:\\xamppNOVO\\ht...', 68, Array)
#1 C:\xamppNOVO\htdocs\planilhasRaulCodeIgniter\system\View\View.php(236): include('C:\\xamppNOVO\\ht...')
#2 C:\xamppNOVO\htdocs\planilhasRaulCodeIgniter\system\Common.php(1071): CodeIgniter\View\View->render('diagramadocerra...', Array, true)
#3 C:\xamppNOVO\htdocs\planilhasRaulCodeIgniter\app\Controllers\DiagramaDoCerrado.php(52): view('diagramadocerra...', Array)
#4 C:\xamppNOVO\htdocs\planilhasRaulCodeIgniter\system\CodeIgniter.php(910): App\Controllers\DiagramaDoCerrado->index()
#5 C:\xamppNOVO\htdocs\planilhasRaulCodeIgniter\system\CodeIgniter.php(398): CodeIgniter\CodeIgniter->runController(Object(App\Controllers\DiagramaDoCerrado))
#6 C:\xamppNOVO\htdocs\planilhasRaulCodeIgniter\system\CodeIgniter.php(306): CodeIgniter\CodeIgniter->handleRequest(NULL, Object(Config\Cache), false)
#7 C:\xamppNOVO\htdocs\planilhasRaulCodeIgniter\index.php(45): CodeIgniter\CodeIgniter->run()
#8 {main}
CRITICAL - 2020-09-05 13:59:18 --> syntax error, unexpected '?>'
#0 C:\xamppNOVO\htdocs\planilhasRaulCodeIgniter\system\Common.php(1071): CodeIgniter\View\View->render('diagramadocerra...', Array, true)
#1 C:\xamppNOVO\htdocs\planilhasRaulCodeIgniter\app\Controllers\DiagramaDoCerrado.php(52): view('diagramadocerra...', Array)
#2 C:\xamppNOVO\htdocs\planilhasRaulCodeIgniter\system\CodeIgniter.php(910): App\Controllers\DiagramaDoCerrado->index()
#3 C:\xamppNOVO\htdocs\planilhasRaulCodeIgniter\system\CodeIgniter.php(398): CodeIgniter\CodeIgniter->runController(Object(App\Controllers\DiagramaDoCerrado))
#4 C:\xamppNOVO\htdocs\planilhasRaulCodeIgniter\system\CodeIgniter.php(306): CodeIgniter\CodeIgniter->handleRequest(NULL, Object(Config\Cache), false)
#5 C:\xamppNOVO\htdocs\planilhasRaulCodeIgniter\index.php(45): CodeIgniter\CodeIgniter->run()
#6 {main}
CRITICAL - 2020-09-05 14:02:18 --> Undefined property: stdClass::$qt_perguntas
#0 C:\xamppNOVO\htdocs\planilhasRaulCodeIgniter\app\Models\DiagramaDoCerradoModel.php(59): CodeIgniter\Debug\Exceptions->errorHandler(8, 'Undefined prope...', 'C:\\xamppNOVO\\ht...', 59, Array)
#1 C:\xamppNOVO\htdocs\planilhasRaulCodeIgniter\app\Controllers\DiagramaDoCerrado.php(50): App\Models\DiagramaDoCerradoModel->retornaPontuacaoQuestionario('6')
#2 C:\xamppNOVO\htdocs\planilhasRaulCodeIgniter\system\CodeIgniter.php(910): App\Controllers\DiagramaDoCerrado->index()
#3 C:\xamppNOVO\htdocs\planilhasRaulCodeIgniter\system\CodeIgniter.php(398): CodeIgniter\CodeIgniter->runController(Object(App\Controllers\DiagramaDoCerrado))
#4 C:\xamppNOVO\htdocs\planilhasRaulCodeIgniter\system\CodeIgniter.php(306): CodeIgniter\CodeIgniter->handleRequest(NULL, Object(Config\Cache), false)
#5 C:\xamppNOVO\htdocs\planilhasRaulCodeIgniter\index.php(45): CodeIgniter\CodeIgniter->run()
#6 {main}
